{"/home/travis/build/npmtest/node-npmtest-node-persist/test.js":{"path":"/home/travis/build/npmtest/node-npmtest-node-persist/test.js","s":{"1":2,"2":2,"3":2,"4":2,"5":2,"6":2,"7":2,"8":1,"9":2,"10":2,"11":1,"12":1,"13":1,"14":1,"15":2,"16":2,"17":2,"18":2,"19":1,"20":1,"21":2,"22":2,"23":2,"24":1,"25":1,"26":1,"27":1,"28":1,"29":1,"30":1,"31":1,"32":1,"33":1,"34":1,"35":1,"36":1,"37":1,"38":1,"39":2,"40":2,"41":1,"42":2,"43":2,"44":1,"45":2,"46":2,"47":1,"48":2,"49":2,"50":1,"51":1,"52":1,"53":1,"54":1},"b":{"1":[2,1,1,1],"2":[1,1,1,1],"3":[1,1],"4":[1,1],"5":[1,1],"6":[1,1],"7":[1,1],"8":[1,1],"9":[1,1],"10":[1,1,1],"11":[1,1],"12":[1,1],"13":[1,1],"14":[1,1],"15":[1,1],"16":[1,1],"17":[1,1]},"f":{"1":2,"2":2,"3":2,"4":2,"5":2,"6":1,"7":1,"8":1,"9":2,"10":2,"11":2,"12":2,"13":1},"fnMap":{"1":{"name":"(anonymous_1)","line":12,"loc":{"start":{"line":12,"column":1},"end":{"line":12,"column":13}}},"2":{"name":"(anonymous_2)","line":19,"loc":{"start":{"line":19,"column":5},"end":{"line":19,"column":17}}},"3":{"name":"(anonymous_3)","line":23,"loc":{"start":{"line":23,"column":24},"end":{"line":23,"column":36}}},"4":{"name":"(anonymous_4)","line":61,"loc":{"start":{"line":61,"column":5},"end":{"line":61,"column":17}}},"5":{"name":"(anonymous_5)","line":82,"loc":{"start":{"line":82,"column":5},"end":{"line":82,"column":17}}},"6":{"name":"(anonymous_6)","line":91,"loc":{"start":{"line":91,"column":77},"end":{"line":94,"column":10}}},"7":{"name":"(anonymous_7)","line":112,"loc":{"start":{"line":112,"column":83},"end":{"line":115,"column":10}},"skip":true},"8":{"name":"(anonymous_8)","line":123,"loc":{"start":{"line":123,"column":77},"end":{"line":126,"column":10}},"skip":true},"9":{"name":"(anonymous_9)","line":139,"loc":{"start":{"line":139,"column":12},"end":{"line":139,"column":40}},"skip":true},"10":{"name":"(anonymous_10)","line":147,"loc":{"start":{"line":147,"column":77},"end":{"line":150,"column":10}},"skip":true},"11":{"name":"(anonymous_11)","line":158,"loc":{"start":{"line":158,"column":83},"end":{"line":161,"column":10}},"skip":true},"12":{"name":"(anonymous_12)","line":169,"loc":{"start":{"line":169,"column":79},"end":{"line":172,"column":10}},"skip":true},"13":{"name":"(anonymous_13)","line":180,"loc":{"start":{"line":180,"column":75},"end":{"line":183,"column":10}},"skip":true}},"statementMap":{"1":{"start":{"line":12,"column":0},"end":{"line":195,"column":5}},"2":{"start":{"line":14,"column":4},"end":{"line":14,"column":14}},"3":{"start":{"line":19,"column":4},"end":{"line":56,"column":9}},"4":{"start":{"line":21,"column":8},"end":{"line":21,"column":19}},"5":{"start":{"line":23,"column":8},"end":{"line":35,"column":13}},"6":{"start":{"line":24,"column":12},"end":{"line":34,"column":13}},"7":{"start":{"line":25,"column":16},"end":{"line":28,"column":30}},"8":{"start":{"line":30,"column":16},"end":{"line":33,"column":27}},"9":{"start":{"line":37,"column":8},"end":{"line":39,"column":21}},"10":{"start":{"line":40,"column":8},"end":{"line":53,"column":9}},"11":{"start":{"line":43,"column":12},"end":{"line":46,"column":14}},"12":{"start":{"line":47,"column":12},"end":{"line":47,"column":18}},"13":{"start":{"line":50,"column":12},"end":{"line":51,"column":33}},"14":{"start":{"line":52,"column":12},"end":{"line":52,"column":18}},"15":{"start":{"line":55,"column":8},"end":{"line":55,"column":35}},"16":{"start":{"line":61,"column":4},"end":{"line":63,"column":9}},"17":{"start":{"line":62,"column":8},"end":{"line":62,"column":15}},"18":{"start":{"line":64,"column":4},"end":{"line":77,"column":5}},"19":{"start":{"line":70,"column":8},"end":{"line":70,"column":14}},"20":{"start":{"line":76,"column":8},"end":{"line":76,"column":14}},"21":{"start":{"line":82,"column":4},"end":{"line":84,"column":9}},"22":{"start":{"line":83,"column":8},"end":{"line":83,"column":15}},"23":{"start":{"line":85,"column":4},"end":{"line":194,"column":5}},"24":{"start":{"line":91,"column":8},"end":{"line":99,"column":10}},"25":{"start":{"line":98,"column":12},"end":{"line":98,"column":35}},"26":{"start":{"line":102,"column":8},"end":{"line":104,"column":63}},"27":{"start":{"line":105,"column":8},"end":{"line":105,"column":14}},"28":{"start":{"line":112,"column":8},"end":{"line":121,"column":10},"skip":true},"29":{"start":{"line":119,"column":12},"end":{"line":119,"column":55},"skip":true},"30":{"start":{"line":120,"column":12},"end":{"line":120,"column":48},"skip":true},"31":{"start":{"line":123,"column":8},"end":{"line":136,"column":10},"skip":true},"32":{"start":{"line":130,"column":12},"end":{"line":130,"column":76},"skip":true},"33":{"start":{"line":131,"column":12},"end":{"line":131,"column":73},"skip":true},"34":{"start":{"line":132,"column":12},"end":{"line":132,"column":74},"skip":true},"35":{"start":{"line":133,"column":12},"end":{"line":133,"column":79},"skip":true},"36":{"start":{"line":134,"column":12},"end":{"line":134,"column":25},"skip":true},"37":{"start":{"line":135,"column":12},"end":{"line":135,"column":45},"skip":true},"38":{"start":{"line":138,"column":8},"end":{"line":145,"column":14},"skip":true},"39":{"start":{"line":143,"column":16},"end":{"line":143,"column":29},"skip":true},"40":{"start":{"line":144,"column":16},"end":{"line":144,"column":55},"skip":true},"41":{"start":{"line":147,"column":8},"end":{"line":156,"column":10},"skip":true},"42":{"start":{"line":154,"column":12},"end":{"line":154,"column":25},"skip":true},"43":{"start":{"line":155,"column":12},"end":{"line":155,"column":45},"skip":true},"44":{"start":{"line":158,"column":8},"end":{"line":167,"column":10},"skip":true},"45":{"start":{"line":165,"column":12},"end":{"line":165,"column":25},"skip":true},"46":{"start":{"line":166,"column":12},"end":{"line":166,"column":48},"skip":true},"47":{"start":{"line":169,"column":8},"end":{"line":178,"column":10},"skip":true},"48":{"start":{"line":176,"column":12},"end":{"line":176,"column":25},"skip":true},"49":{"start":{"line":177,"column":12},"end":{"line":177,"column":46},"skip":true},"50":{"start":{"line":180,"column":8},"end":{"line":189,"column":10},"skip":true},"51":{"start":{"line":187,"column":12},"end":{"line":187,"column":94},"skip":true},"52":{"start":{"line":188,"column":12},"end":{"line":188,"column":48},"skip":true},"53":{"start":{"line":192,"column":8},"end":{"line":192,"column":35},"skip":true},"54":{"start":{"line":193,"column":8},"end":{"line":193,"column":14},"skip":true}},"branchMap":{"1":{"line":25,"type":"binary-expr","locations":[{"start":{"line":25,"column":23},"end":{"line":25,"column":62}},{"start":{"line":26,"column":20},"end":{"line":26,"column":70}},{"start":{"line":27,"column":20},"end":{"line":27,"column":71}},{"start":{"line":28,"column":20},"end":{"line":28,"column":29}}]},"2":{"line":30,"type":"binary-expr","locations":[{"start":{"line":30,"column":23},"end":{"line":30,"column":37}},{"start":{"line":31,"column":20},"end":{"line":31,"column":61}},{"start":{"line":32,"column":20},"end":{"line":32,"column":70}},{"start":{"line":33,"column":20},"end":{"line":33,"column":26}}]},"3":{"line":37,"type":"cond-expr","locations":[{"start":{"line":38,"column":14},"end":{"line":38,"column":20}},{"start":{"line":39,"column":14},"end":{"line":39,"column":20}}]},"4":{"line":40,"type":"switch","locations":[{"start":{"line":42,"column":8},"end":{"line":47,"column":18}},{"start":{"line":49,"column":8},"end":{"line":52,"column":18}}]},"5":{"line":44,"type":"binary-expr","locations":[{"start":{"line":44,"column":16},"end":{"line":44,"column":44}},{"start":{"line":44,"column":48},"end":{"line":44,"column":66}}]},"6":{"line":50,"type":"binary-expr","locations":[{"start":{"line":50,"column":21},"end":{"line":50,"column":49}},{"start":{"line":50,"column":53},"end":{"line":50,"column":72}}]},"7":{"line":64,"type":"switch","locations":[{"start":{"line":69,"column":4},"end":{"line":70,"column":14}},{"start":{"line":75,"column":4},"end":{"line":76,"column":14}}]},"8":{"line":85,"type":"switch","locations":[{"start":{"line":90,"column":4},"end":{"line":105,"column":14}},{"start":{"line":111,"column":4},"end":{"line":193,"column":14},"skip":true}]},"9":{"line":91,"type":"binary-expr","locations":[{"start":{"line":91,"column":42},"end":{"line":91,"column":73}},{"start":{"line":91,"column":77},"end":{"line":99,"column":9}}]},"10":{"line":102,"type":"binary-expr","locations":[{"start":{"line":102,"column":18},"end":{"line":102,"column":32}},{"start":{"line":103,"column":12},"end":{"line":103,"column":53}},{"start":{"line":104,"column":12},"end":{"line":104,"column":61}}]},"11":{"line":112,"type":"binary-expr","locations":[{"start":{"line":112,"column":45},"end":{"line":112,"column":79},"skip":true},{"start":{"line":112,"column":83},"end":{"line":121,"column":9},"skip":true}]},"12":{"line":123,"type":"binary-expr","locations":[{"start":{"line":123,"column":42},"end":{"line":123,"column":73},"skip":true},{"start":{"line":123,"column":77},"end":{"line":136,"column":9},"skip":true}]},"13":{"line":138,"type":"binary-expr","locations":[{"start":{"line":138,"column":48},"end":{"line":138,"column":85},"skip":true},{"start":{"line":139,"column":12},"end":{"line":145,"column":13},"skip":true}]},"14":{"line":147,"type":"binary-expr","locations":[{"start":{"line":147,"column":42},"end":{"line":147,"column":73},"skip":true},{"start":{"line":147,"column":77},"end":{"line":156,"column":9},"skip":true}]},"15":{"line":158,"type":"binary-expr","locations":[{"start":{"line":158,"column":45},"end":{"line":158,"column":79},"skip":true},{"start":{"line":158,"column":83},"end":{"line":167,"column":9},"skip":true}]},"16":{"line":169,"type":"binary-expr","locations":[{"start":{"line":169,"column":43},"end":{"line":169,"column":75},"skip":true},{"start":{"line":169,"column":79},"end":{"line":178,"column":9},"skip":true}]},"17":{"line":180,"type":"binary-expr","locations":[{"start":{"line":180,"column":41},"end":{"line":180,"column":71},"skip":true},{"start":{"line":180,"column":75},"end":{"line":189,"column":9},"skip":true}]}},"code":["/* istanbul instrument in package npmtest_node_persist */","/*jslint","    bitwise: true,","    browser: true,","    maxerr: 8,","    maxlen: 96,","    node: true,","    nomen: true,","    regexp: true,","    stupid: true","*/","(function () {","    'use strict';","    var local;","","","","    // run shared js-env code - init-before","    (function () {","        // init local","        local = {};","        // init modeJs","        local.modeJs = (function () {","            try {","                return typeof navigator.userAgent === 'string' &&","                    typeof document.querySelector('body') === 'object' &&","                    typeof XMLHttpRequest.prototype.open === 'function' &&","                    'browser';","            } catch (errorCaughtBrowser) {","                return module.exports &&","                    typeof process.versions.node === 'string' &&","                    typeof require('http').createServer === 'function' &&","                    'node';","            }","        }());","        // init global","        local.global = local.modeJs === 'browser'","            ? window","            : global;","        switch (local.modeJs) {","        // re-init local from window.local","        case 'browser':","            local = local.global.utility2.objectSetDefault(","                local.global.utility2_rollup || local.global.local,","                local.global.utility2","            );","            break;","        // re-init local from example.js","        case 'node':","            local = (local.global.utility2_rollup || require('utility2'))","                .requireReadme();","            break;","        }","        // export local","        local.global.local = local;","    }());","","","","    // run shared js-env code - function","    (function () {","        return;","    }());","    switch (local.modeJs) {","","","","    // run browser js-env code - function","    case 'browser':","        break;","","","","    // run node js-env code - function","    case 'node':","        break;","    }","","","","    // run shared js-env code - init-after","    (function () {","        return;","    }());","    switch (local.modeJs) {","","","","    // run browser js-env code - init-after","    case 'browser':","        local.testCase_browser_nullCase = local.testCase_browser_nullCase || function (","            options,","            onError","        ) {","        /*","         * this function will test browsers's null-case handling-behavior-behavior","         */","            onError(null, options);","        };","","        // run tests","        local.nop(local.modeTest &&","            document.querySelector('#testRunButton1') &&","            document.querySelector('#testRunButton1').click());","        break;","","","","    // run node js-env code - init-after","    /* istanbul ignore next */","    case 'node':","        local.testCase_buildApidoc_default = local.testCase_buildApidoc_default || function (","            options,","            onError","        ) {","        /*","         * this function will test buildApidoc's default handling-behavior-behavior","         */","            options = { modulePathList: module.paths };","            local.buildApidoc(options, onError);","        };","","        local.testCase_buildApp_default = local.testCase_buildApp_default || function (","            options,","            onError","        ) {","        /*","         * this function will test buildApp's default handling-behavior-behavior","         */","            local.testCase_buildReadme_default(options, local.onErrorThrow);","            local.testCase_buildLib_default(options, local.onErrorThrow);","            local.testCase_buildTest_default(options, local.onErrorThrow);","            local.testCase_buildCustomOrg_default(options, local.onErrorThrow);","            options = [];","            local.buildApp(options, onError);","        };","","        local.testCase_buildCustomOrg_default = local.testCase_buildCustomOrg_default ||","            function (options, onError) {","            /*","             * this function will test buildCustomOrg's default handling-behavior","             */","                options = {};","                local.buildCustomOrg(options, onError);","            };","","        local.testCase_buildLib_default = local.testCase_buildLib_default || function (","            options,","            onError","        ) {","        /*","         * this function will test buildLib's default handling-behavior","         */","            options = {};","            local.buildLib(options, onError);","        };","","        local.testCase_buildReadme_default = local.testCase_buildReadme_default || function (","            options,","            onError","        ) {","        /*","         * this function will test buildReadme's default handling-behavior-behavior","         */","            options = {};","            local.buildReadme(options, onError);","        };","","        local.testCase_buildTest_default = local.testCase_buildTest_default || function (","            options,","            onError","        ) {","        /*","         * this function will test buildTest's default handling-behavior","         */","            options = {};","            local.buildTest(options, onError);","        };","","        local.testCase_webpage_default = local.testCase_webpage_default || function (","            options,","            onError","        ) {","        /*","         * this function will test webpage's default handling-behavior","         */","            options = { modeCoverageMerge: true, url: local.serverLocalHost + '?modeTest=1' };","            local.browserTest(options, onError);","        };","","        // run test-server","        local.testRunServer(local);","        break;","    }","}());",""],"l":{"12":2,"14":2,"19":2,"21":2,"23":2,"24":2,"25":2,"30":1,"37":2,"40":2,"43":1,"47":1,"50":1,"52":1,"55":2,"61":2,"62":2,"64":2,"70":1,"76":1,"82":2,"83":2,"85":2,"91":1,"98":1,"102":1,"105":1,"112":1,"119":1,"120":1,"123":1,"130":1,"131":1,"132":1,"133":1,"134":1,"135":1,"138":1,"143":2,"144":2,"147":1,"154":2,"155":2,"158":1,"165":2,"166":2,"169":1,"176":2,"177":2,"180":1,"187":1,"188":1,"192":1,"193":1}},"/home/travis/build/npmtest/node-npmtest-node-persist/lib.npmtest_node_persist.js":{"path":"/home/travis/build/npmtest/node-npmtest-node-persist/lib.npmtest_node_persist.js","s":{"1":2,"2":2,"3":2,"4":2,"5":2,"6":2,"7":2,"8":1,"9":2,"10":2,"11":2,"12":2,"13":1,"14":1,"15":1,"16":1},"b":{"1":[2,1,1,1],"2":[1,1,1,1],"3":[1,1],"4":[2,2],"5":[1,1]},"f":{"1":2,"2":2,"3":2},"fnMap":{"1":{"name":"(anonymous_1)","line":12,"loc":{"start":{"line":12,"column":1},"end":{"line":12,"column":13}}},"2":{"name":"(anonymous_2)","line":19,"loc":{"start":{"line":19,"column":5},"end":{"line":19,"column":17}}},"3":{"name":"(anonymous_3)","line":23,"loc":{"start":{"line":23,"column":24},"end":{"line":23,"column":36}}}},"statementMap":{"1":{"start":{"line":12,"column":0},"end":{"line":53,"column":5}},"2":{"start":{"line":14,"column":4},"end":{"line":14,"column":14}},"3":{"start":{"line":19,"column":4},"end":{"line":52,"column":9}},"4":{"start":{"line":21,"column":8},"end":{"line":21,"column":19}},"5":{"start":{"line":23,"column":8},"end":{"line":35,"column":13}},"6":{"start":{"line":24,"column":12},"end":{"line":34,"column":13}},"7":{"start":{"line":25,"column":16},"end":{"line":28,"column":30}},"8":{"start":{"line":30,"column":16},"end":{"line":33,"column":27}},"9":{"start":{"line":37,"column":8},"end":{"line":39,"column":21}},"10":{"start":{"line":41,"column":8},"end":{"line":41,"column":54}},"11":{"start":{"line":43,"column":8},"end":{"line":43,"column":57}},"12":{"start":{"line":45,"column":8},"end":{"line":51,"column":9}},"13":{"start":{"line":46,"column":12},"end":{"line":46,"column":63}},"14":{"start":{"line":48,"column":12},"end":{"line":48,"column":35}},"15":{"start":{"line":49,"column":12},"end":{"line":49,"column":49}},"16":{"start":{"line":50,"column":12},"end":{"line":50,"column":43}}},"branchMap":{"1":{"line":25,"type":"binary-expr","locations":[{"start":{"line":25,"column":23},"end":{"line":25,"column":62}},{"start":{"line":26,"column":20},"end":{"line":26,"column":70}},{"start":{"line":27,"column":20},"end":{"line":27,"column":71}},{"start":{"line":28,"column":20},"end":{"line":28,"column":29}}]},"2":{"line":30,"type":"binary-expr","locations":[{"start":{"line":30,"column":23},"end":{"line":30,"column":37}},{"start":{"line":31,"column":20},"end":{"line":31,"column":61}},{"start":{"line":32,"column":20},"end":{"line":32,"column":70}},{"start":{"line":33,"column":20},"end":{"line":33,"column":26}}]},"3":{"line":37,"type":"cond-expr","locations":[{"start":{"line":38,"column":14},"end":{"line":38,"column":20}},{"start":{"line":39,"column":14},"end":{"line":39,"column":20}}]},"4":{"line":41,"type":"binary-expr","locations":[{"start":{"line":41,"column":16},"end":{"line":41,"column":44}},{"start":{"line":41,"column":48},"end":{"line":41,"column":53}}]},"5":{"line":45,"type":"if","locations":[{"start":{"line":45,"column":8},"end":{"line":45,"column":8}},{"start":{"line":45,"column":8},"end":{"line":45,"column":8}}]}},"code":["/* istanbul instrument in package npmtest_node_persist */","/*jslint","    bitwise: true,","    browser: true,","    maxerr: 8,","    maxlen: 96,","    node: true,","    nomen: true,","    regexp: true,","    stupid: true","*/","(function () {","    'use strict';","    var local;","","","","    // run shared js-env code - init-before","    (function () {","        // init local","        local = {};","        // init modeJs","        local.modeJs = (function () {","            try {","                return typeof navigator.userAgent === 'string' &&","                    typeof document.querySelector('body') === 'object' &&","                    typeof XMLHttpRequest.prototype.open === 'function' &&","                    'browser';","            } catch (errorCaughtBrowser) {","                return module.exports &&","                    typeof process.versions.node === 'string' &&","                    typeof require('http').createServer === 'function' &&","                    'node';","            }","        }());","        // init global","        local.global = local.modeJs === 'browser'","            ? window","            : global;","        // init utility2_rollup","        local = local.global.utility2_rollup || local;","        // init lib","        local.local = local.npmtest_node_persist = local;","        // init exports","        if (local.modeJs === 'browser') {","            local.global.utility2_npmtest_node_persist = local;","        } else {","            module.exports = local;","            module.exports.__dirname = __dirname;","            module.exports.module = module;","        }","    }());","}());",""],"l":{"12":2,"14":2,"19":2,"21":2,"23":2,"24":2,"25":2,"30":1,"37":2,"41":2,"43":2,"45":2,"46":1,"48":1,"49":1,"50":1}},"/home/travis/build/npmtest/node-npmtest-node-persist/example.js":{"path":"/home/travis/build/npmtest/node-npmtest-node-persist/example.js","s":{"1":2,"2":2,"3":2,"4":2,"5":2,"6":2,"7":2,"8":1,"9":2,"10":2,"11":2,"12":2,"13":1,"14":2,"15":2,"16":2,"17":2,"18":2,"19":0,"20":2,"21":1,"22":1,"23":1,"24":1,"25":1,"26":0,"27":0,"28":1,"29":1,"30":2,"31":0,"32":0,"33":0,"34":1,"35":2,"36":2,"37":3,"38":3,"39":3,"40":3,"41":0,"42":3,"43":3,"44":3,"45":1,"46":3,"47":1,"48":1,"49":1,"50":1,"51":1,"52":1,"53":1,"54":1,"55":1,"56":1,"57":0,"58":1,"59":6,"60":6,"61":1,"62":2,"63":0,"64":2,"65":1,"66":1,"67":0,"68":0,"69":0,"70":0,"71":0,"72":0,"73":0,"74":0,"75":0,"76":0,"77":0,"78":0,"79":0,"80":0,"81":0,"82":0,"83":0},"b":{"1":[2,1,1,1],"2":[1,1,1,1],"3":[1,1],"4":[2,2],"5":[1,1],"6":[1,1],"7":[2,0],"8":[2,1,1,1,1,1],"9":[0,2,0],"10":[1,1],"11":[2,1,1],"12":[1,0],"13":[0,2],"14":[2,0,0,0,0,0,0],"15":[0,3],"16":[3,0],"17":[1,1],"18":[0,1],"19":[1,2,0,2],"20":[1,0],"21":[1,1],"22":[0,0],"23":[0,0],"24":[0,0],"25":[0,0],"26":[0,0],"27":[0,0],"28":[0,0]},"f":{"1":2,"2":2,"3":2,"4":2,"5":2,"6":2,"7":3,"8":3,"9":3,"10":1,"11":6,"12":0},"fnMap":{"1":{"name":"(anonymous_1)","line":26,"loc":{"start":{"line":26,"column":1},"end":{"line":26,"column":13}}},"2":{"name":"(anonymous_2)","line":33,"loc":{"start":{"line":33,"column":5},"end":{"line":33,"column":17}}},"3":{"name":"(anonymous_3)","line":37,"loc":{"start":{"line":37,"column":24},"end":{"line":37,"column":36}}},"4":{"name":"(anonymous_4)","line":69,"loc":{"start":{"line":69,"column":31},"end":{"line":69,"column":48}},"skip":true},"5":{"name":"(anonymous_5)","line":78,"loc":{"start":{"line":78,"column":26},"end":{"line":78,"column":45}},"skip":true},"6":{"name":"(anonymous_6)","line":123,"loc":{"start":{"line":123,"column":33},"end":{"line":123,"column":48}},"skip":true},"7":{"name":"(anonymous_7)","line":125,"loc":{"start":{"line":125,"column":27},"end":{"line":125,"column":39}},"skip":true},"8":{"name":"(anonymous_8)","line":133,"loc":{"start":{"line":133,"column":59},"end":{"line":133,"column":74}},"skip":true},"9":{"name":"(anonymous_9)","line":143,"loc":{"start":{"line":143,"column":45},"end":{"line":143,"column":62}},"skip":true},"10":{"name":"(anonymous_10)","line":144,"loc":{"start":{"line":144,"column":73},"end":{"line":144,"column":92}},"skip":true},"11":{"name":"(anonymous_11)","line":272,"loc":{"start":{"line":272,"column":51},"end":{"line":272,"column":77}},"skip":true},"12":{"name":"(anonymous_12)","line":315,"loc":{"start":{"line":315,"column":32},"end":{"line":315,"column":61}},"skip":true}},"statementMap":{"1":{"start":{"line":26,"column":0},"end":{"line":326,"column":5}},"2":{"start":{"line":28,"column":4},"end":{"line":28,"column":14}},"3":{"start":{"line":33,"column":4},"end":{"line":60,"column":9}},"4":{"start":{"line":35,"column":8},"end":{"line":35,"column":19}},"5":{"start":{"line":37,"column":8},"end":{"line":49,"column":13}},"6":{"start":{"line":38,"column":12},"end":{"line":48,"column":13}},"7":{"start":{"line":39,"column":16},"end":{"line":42,"column":30}},"8":{"start":{"line":44,"column":16},"end":{"line":47,"column":27}},"9":{"start":{"line":51,"column":8},"end":{"line":53,"column":21}},"10":{"start":{"line":55,"column":8},"end":{"line":57,"column":45}},"11":{"start":{"line":59,"column":8},"end":{"line":59,"column":35}},"12":{"start":{"line":61,"column":4},"end":{"line":325,"column":5}},"13":{"start":{"line":69,"column":8},"end":{"line":121,"column":10},"skip":true},"14":{"start":{"line":70,"column":12},"end":{"line":88,"column":13},"skip":true},"15":{"start":{"line":76,"column":16},"end":{"line":87,"column":19},"skip":true},"16":{"start":{"line":79,"column":20},"end":{"line":86,"column":21},"skip":true},"17":{"start":{"line":82,"column":24},"end":{"line":82,"column":43},"skip":true},"18":{"start":{"line":83,"column":24},"end":{"line":83,"column":30},"skip":true},"19":{"start":{"line":85,"column":24},"end":{"line":85,"column":49},"skip":true},"20":{"start":{"line":89,"column":12},"end":{"line":107,"column":13},"skip":true},"21":{"start":{"line":92,"column":16},"end":{"line":102,"column":17},"skip":true},"22":{"start":{"line":93,"column":20},"end":{"line":93,"column":86},"skip":true},"23":{"start":{"line":94,"column":20},"end":{"line":95,"column":45},"skip":true},"24":{"start":{"line":96,"column":20},"end":{"line":96,"column":42},"skip":true},"25":{"start":{"line":97,"column":20},"end":{"line":97,"column":48},"skip":true},"26":{"start":{"line":100,"column":20},"end":{"line":100,"column":85},"skip":true},"27":{"start":{"line":101,"column":20},"end":{"line":101,"column":96},"skip":true},"28":{"start":{"line":103,"column":16},"end":{"line":103,"column":22},"skip":true},"29":{"start":{"line":106,"column":16},"end":{"line":106,"column":22},"skip":true},"30":{"start":{"line":108,"column":12},"end":{"line":120,"column":13},"skip":true},"31":{"start":{"line":114,"column":16},"end":{"line":119,"column":17},"skip":true},"32":{"start":{"line":116,"column":20},"end":{"line":116,"column":78},"skip":true},"33":{"start":{"line":118,"column":20},"end":{"line":118,"column":47},"skip":true},"34":{"start":{"line":123,"column":8},"end":{"line":141,"column":11},"skip":true},"35":{"start":{"line":124,"column":12},"end":{"line":124,"column":54},"skip":true},"36":{"start":{"line":125,"column":12},"end":{"line":140,"column":14},"skip":true},"37":{"start":{"line":126,"column":16},"end":{"line":126,"column":28},"skip":true},"38":{"start":{"line":127,"column":16},"end":{"line":127,"column":69},"skip":true},"39":{"start":{"line":128,"column":16},"end":{"line":128,"column":75},"skip":true},"40":{"start":{"line":129,"column":16},"end":{"line":131,"column":17},"skip":true},"41":{"start":{"line":130,"column":20},"end":{"line":130,"column":27},"skip":true},"42":{"start":{"line":133,"column":16},"end":{"line":137,"column":36},"skip":true},"43":{"start":{"line":134,"column":20},"end":{"line":136,"column":55},"skip":true},"44":{"start":{"line":139,"column":16},"end":{"line":139,"column":57},"skip":true},"45":{"start":{"line":143,"column":8},"end":{"line":147,"column":11},"skip":true},"46":{"start":{"line":144,"column":12},"end":{"line":146,"column":15},"skip":true},"47":{"start":{"line":145,"column":16},"end":{"line":145,"column":70},"skip":true},"48":{"start":{"line":149,"column":8},"end":{"line":149,"column":31},"skip":true},"49":{"start":{"line":150,"column":8},"end":{"line":150,"column":14},"skip":true},"50":{"start":{"line":158,"column":8},"end":{"line":158,"column":31},"skip":true},"51":{"start":{"line":160,"column":8},"end":{"line":160,"column":33},"skip":true},"52":{"start":{"line":161,"column":8},"end":{"line":161,"column":37},"skip":true},"53":{"start":{"line":162,"column":8},"end":{"line":162,"column":35},"skip":true},"54":{"start":{"line":164,"column":8},"end":{"line":164,"column":50},"skip":true},"55":{"start":{"line":166,"column":8},"end":{"line":256,"column":2},"skip":true},"56":{"start":{"line":258,"column":8},"end":{"line":286,"column":9},"skip":true},"57":{"start":{"line":259,"column":12},"end":{"line":269,"column":14},"skip":true},"58":{"start":{"line":271,"column":12},"end":{"line":285,"column":19},"skip":true},"59":{"start":{"line":274,"column":20},"end":{"line":274,"column":35},"skip":true},"60":{"start":{"line":275,"column":20},"end":{"line":284,"column":21},"skip":true},"61":{"start":{"line":277,"column":24},"end":{"line":277,"column":64},"skip":true},"62":{"start":{"line":279,"column":24},"end":{"line":279,"column":40},"skip":true},"63":{"start":{"line":281,"column":24},"end":{"line":281,"column":40},"skip":true},"64":{"start":{"line":283,"column":24},"end":{"line":283,"column":39},"skip":true},"65":{"start":{"line":288,"column":8},"end":{"line":290,"column":9},"skip":true},"66":{"start":{"line":289,"column":12},"end":{"line":289,"column":18},"skip":true},"67":{"start":{"line":291,"column":8},"end":{"line":293,"column":54},"skip":true},"68":{"start":{"line":296,"column":8},"end":{"line":301,"column":37},"skip":true},"69":{"start":{"line":303,"column":8},"end":{"line":303,"column":82},"skip":true},"70":{"start":{"line":306,"column":8},"end":{"line":308,"column":9},"skip":true},"71":{"start":{"line":307,"column":12},"end":{"line":307,"column":82},"skip":true},"72":{"start":{"line":310,"column":8},"end":{"line":312,"column":9},"skip":true},"73":{"start":{"line":311,"column":12},"end":{"line":311,"column":18},"skip":true},"74":{"start":{"line":313,"column":8},"end":{"line":313,"column":54},"skip":true},"75":{"start":{"line":314,"column":8},"end":{"line":314,"column":69},"skip":true},"76":{"start":{"line":315,"column":8},"end":{"line":323,"column":36},"skip":true},"77":{"start":{"line":316,"column":12},"end":{"line":316,"column":61},"skip":true},"78":{"start":{"line":317,"column":12},"end":{"line":320,"column":13},"skip":true},"79":{"start":{"line":318,"column":16},"end":{"line":318,"column":75},"skip":true},"80":{"start":{"line":319,"column":16},"end":{"line":319,"column":23},"skip":true},"81":{"start":{"line":321,"column":12},"end":{"line":321,"column":38},"skip":true},"82":{"start":{"line":322,"column":12},"end":{"line":322,"column":27},"skip":true},"83":{"start":{"line":324,"column":8},"end":{"line":324,"column":14},"skip":true}},"branchMap":{"1":{"line":39,"type":"binary-expr","locations":[{"start":{"line":39,"column":23},"end":{"line":39,"column":62}},{"start":{"line":40,"column":20},"end":{"line":40,"column":70}},{"start":{"line":41,"column":20},"end":{"line":41,"column":71}},{"start":{"line":42,"column":20},"end":{"line":42,"column":29}}]},"2":{"line":44,"type":"binary-expr","locations":[{"start":{"line":44,"column":23},"end":{"line":44,"column":37}},{"start":{"line":45,"column":20},"end":{"line":45,"column":61}},{"start":{"line":46,"column":20},"end":{"line":46,"column":70}},{"start":{"line":47,"column":20},"end":{"line":47,"column":26}}]},"3":{"line":51,"type":"cond-expr","locations":[{"start":{"line":52,"column":14},"end":{"line":52,"column":20}},{"start":{"line":53,"column":14},"end":{"line":53,"column":20}}]},"4":{"line":55,"type":"binary-expr","locations":[{"start":{"line":55,"column":16},"end":{"line":55,"column":44}},{"start":{"line":55,"column":49},"end":{"line":57,"column":43}}]},"5":{"line":55,"type":"cond-expr","locations":[{"start":{"line":56,"column":14},"end":{"line":56,"column":56}},{"start":{"line":57,"column":14},"end":{"line":57,"column":43}}]},"6":{"line":61,"type":"switch","locations":[{"start":{"line":68,"column":4},"end":{"line":150,"column":14},"skip":true},{"start":{"line":156,"column":4},"end":{"line":324,"column":14},"skip":true}]},"7":{"line":70,"type":"if","locations":[{"start":{"line":70,"column":12},"end":{"line":70,"column":12},"skip":true},{"start":{"line":70,"column":12},"end":{"line":70,"column":12},"skip":true}]},"8":{"line":70,"type":"binary-expr","locations":[{"start":{"line":70,"column":16},"end":{"line":70,"column":22},"skip":true},{"start":{"line":70,"column":27},"end":{"line":70,"column":32},"skip":true},{"start":{"line":71,"column":20},"end":{"line":71,"column":39},"skip":true},{"start":{"line":72,"column":20},"end":{"line":72,"column":49},"skip":true},{"start":{"line":73,"column":20},"end":{"line":73,"column":58},"skip":true},{"start":{"line":74,"column":20},"end":{"line":74,"column":69},"skip":true}]},"9":{"line":79,"type":"switch","locations":[{"start":{"line":80,"column":20},"end":{"line":80,"column":33},"skip":true},{"start":{"line":81,"column":20},"end":{"line":83,"column":30},"skip":true},{"start":{"line":84,"column":20},"end":{"line":85,"column":49},"skip":true}]},"10":{"line":89,"type":"switch","locations":[{"start":{"line":90,"column":12},"end":{"line":103,"column":22},"skip":true},{"start":{"line":105,"column":12},"end":{"line":106,"column":22},"skip":true}]},"11":{"line":89,"type":"binary-expr","locations":[{"start":{"line":89,"column":20},"end":{"line":89,"column":25},"skip":true},{"start":{"line":89,"column":29},"end":{"line":89,"column":48},"skip":true},{"start":{"line":89,"column":52},"end":{"line":89,"column":74},"skip":true}]},"12":{"line":92,"type":"if","locations":[{"start":{"line":92,"column":16},"end":{"line":92,"column":16},"skip":true},{"start":{"line":92,"column":16},"end":{"line":92,"column":16},"skip":true}]},"13":{"line":108,"type":"if","locations":[{"start":{"line":108,"column":12},"end":{"line":108,"column":12},"skip":true},{"start":{"line":108,"column":12},"end":{"line":108,"column":12},"skip":true}]},"14":{"line":108,"type":"binary-expr","locations":[{"start":{"line":108,"column":16},"end":{"line":108,"column":61},"skip":true},{"start":{"line":108,"column":66},"end":{"line":108,"column":72},"skip":true},{"start":{"line":108,"column":77},"end":{"line":108,"column":82},"skip":true},{"start":{"line":109,"column":20},"end":{"line":109,"column":39},"skip":true},{"start":{"line":110,"column":20},"end":{"line":110,"column":49},"skip":true},{"start":{"line":111,"column":20},"end":{"line":111,"column":58},"skip":true},{"start":{"line":112,"column":20},"end":{"line":112,"column":68},"skip":true}]},"15":{"line":129,"type":"if","locations":[{"start":{"line":129,"column":16},"end":{"line":129,"column":16},"skip":true},{"start":{"line":129,"column":16},"end":{"line":129,"column":16},"skip":true}]},"16":{"line":134,"type":"cond-expr","locations":[{"start":{"line":135,"column":26},"end":{"line":135,"column":29},"skip":true},{"start":{"line":136,"column":26},"end":{"line":136,"column":54},"skip":true}]},"17":{"line":164,"type":"binary-expr","locations":[{"start":{"line":164,"column":27},"end":{"line":164,"column":43},"skip":true},{"start":{"line":164,"column":47},"end":{"line":164,"column":49},"skip":true}]},"18":{"line":258,"type":"if","locations":[{"start":{"line":258,"column":8},"end":{"line":258,"column":8},"skip":true},{"start":{"line":258,"column":8},"end":{"line":258,"column":8},"skip":true}]},"19":{"line":275,"type":"switch","locations":[{"start":{"line":276,"column":20},"end":{"line":277,"column":64},"skip":true},{"start":{"line":278,"column":20},"end":{"line":279,"column":40},"skip":true},{"start":{"line":280,"column":20},"end":{"line":281,"column":40},"skip":true},{"start":{"line":282,"column":20},"end":{"line":283,"column":39},"skip":true}]},"20":{"line":288,"type":"if","locations":[{"start":{"line":288,"column":8},"end":{"line":288,"column":8},"skip":true},{"start":{"line":288,"column":8},"end":{"line":288,"column":8},"skip":true}]},"21":{"line":288,"type":"binary-expr","locations":[{"start":{"line":288,"column":12},"end":{"line":288,"column":40},"skip":true},{"start":{"line":288,"column":44},"end":{"line":288,"column":67},"skip":true}]},"22":{"line":292,"type":"binary-expr","locations":[{"start":{"line":292,"column":12},"end":{"line":292,"column":50},"skip":true},{"start":{"line":293,"column":12},"end":{"line":293,"column":53},"skip":true}]},"23":{"line":297,"type":"binary-expr","locations":[{"start":{"line":297,"column":12},"end":{"line":297,"column":70},"skip":true},{"start":{"line":298,"column":12},"end":{"line":301,"column":36},"skip":true}]},"24":{"line":303,"type":"binary-expr","locations":[{"start":{"line":303,"column":43},"end":{"line":303,"column":75},"skip":true},{"start":{"line":303,"column":79},"end":{"line":303,"column":81},"skip":true}]},"25":{"line":306,"type":"if","locations":[{"start":{"line":306,"column":8},"end":{"line":306,"column":8},"skip":true},{"start":{"line":306,"column":8},"end":{"line":306,"column":8},"skip":true}]},"26":{"line":310,"type":"if","locations":[{"start":{"line":310,"column":8},"end":{"line":310,"column":8},"skip":true},{"start":{"line":310,"column":8},"end":{"line":310,"column":8},"skip":true}]},"27":{"line":313,"type":"binary-expr","locations":[{"start":{"line":313,"column":27},"end":{"line":313,"column":43},"skip":true},{"start":{"line":313,"column":47},"end":{"line":313,"column":53},"skip":true}]},"28":{"line":317,"type":"if","locations":[{"start":{"line":317,"column":12},"end":{"line":317,"column":12},"skip":true},{"start":{"line":317,"column":12},"end":{"line":317,"column":12},"skip":true}]}},"code":["/*","example.js","","quickstart example","","instruction","    1. save this script as example.js","    2. run the shell command:","        $ npm install npmtest-node-persist && PORT=8081 node example.js","    3. play with the browser-demo on http://127.0.0.1:8081","*/","","","","/* istanbul instrument in package npmtest_node_persist */","/*jslint","    bitwise: true,","    browser: true,","    maxerr: 8,","    maxlen: 96,","    node: true,","    nomen: true,","    regexp: true,","    stupid: true","*/","(function () {","    'use strict';","    var local;","","","","    // run shared js-env code - init-before","    (function () {","        // init local","        local = {};","        // init modeJs","        local.modeJs = (function () {","            try {","                return typeof navigator.userAgent === 'string' &&","                    typeof document.querySelector('body') === 'object' &&","                    typeof XMLHttpRequest.prototype.open === 'function' &&","                    'browser';","            } catch (errorCaughtBrowser) {","                return module.exports &&","                    typeof process.versions.node === 'string' &&","                    typeof require('http').createServer === 'function' &&","                    'node';","            }","        }());","        // init global","        local.global = local.modeJs === 'browser'","            ? window","            : global;","        // init utility2_rollup","        local = local.global.utility2_rollup || (local.modeJs === 'browser'","            ? local.global.utility2_npmtest_node_persist","            : global.utility2_moduleExports);","        // export local","        local.global.local = local;","    }());","    switch (local.modeJs) {","","","","    // init-after","    // run browser js-env code - init-after","    /* istanbul ignore next */","    case 'browser':","        local.testRunBrowser = function (event) {","            if (!event || (event &&","                    event.currentTarget &&","                    event.currentTarget.className &&","                    event.currentTarget.className.includes &&","                    event.currentTarget.className.includes('onreset'))) {","                // reset output","                Array.from(","                    document.querySelectorAll('body > .resettable')","                ).forEach(function (element) {","                    switch (element.tagName) {","                    case 'INPUT':","                    case 'TEXTAREA':","                        element.value = '';","                        break;","                    default:","                        element.textContent = '';","                    }","                });","            }","            switch (event && event.currentTarget && event.currentTarget.id) {","            case 'testRunButton1':","                // show tests","                if (document.querySelector('#testReportDiv1').style.display === 'none') {","                    document.querySelector('#testReportDiv1').style.display = 'block';","                    document.querySelector('#testRunButton1').textContent =","                        'hide internal test';","                    local.modeTest = true;","                    local.testRunDefault(local);","                // hide tests","                } else {","                    document.querySelector('#testReportDiv1').style.display = 'none';","                    document.querySelector('#testRunButton1').textContent = 'run internal test';","                }","                break;","            // custom-case","            default:","                break;","            }","            if (document.querySelector('#inputTextareaEval1') && (!event || (event &&","                    event.currentTarget &&","                    event.currentTarget.className &&","                    event.currentTarget.className.includes &&","                    event.currentTarget.className.includes('oneval')))) {","                // try to eval input-code","                try {","                    /*jslint evil: true*/","                    eval(document.querySelector('#inputTextareaEval1').value);","                } catch (errorCaught) {","                    console.error(errorCaught);","                }","            }","        };","        // log stderr and stdout to #outputTextareaStdout1","        ['error', 'log'].forEach(function (key) {","            console[key + '_original'] = console[key];","            console[key] = function () {","                var element;","                console[key + '_original'].apply(console, arguments);","                element = document.querySelector('#outputTextareaStdout1');","                if (!element) {","                    return;","                }","                // append text to #outputTextareaStdout1","                element.value += Array.from(arguments).map(function (arg) {","                    return typeof arg === 'string'","                        ? arg","                        : JSON.stringify(arg, null, 4);","                }).join(' ') + '\\n';","                // scroll textarea to bottom","                element.scrollTop = element.scrollHeight;","            };","        });","        // init event-handling","        ['change', 'click', 'keyup'].forEach(function (event) {","            Array.from(document.querySelectorAll('.on' + event)).forEach(function (element) {","                element.addEventListener(event, local.testRunBrowser);","            });","        });","        // run tests","        local.testRunBrowser();","        break;","","","","    // run node js-env code - init-after","    /* istanbul ignore next */","    case 'node':","        // export local","        module.exports = local;","        // require modules","        local.fs = require('fs');","        local.http = require('http');","        local.url = require('url');","        // init assets","        local.assetsDict = local.assetsDict || {};","        /* jslint-ignore-begin */","        local.assetsDict['/assets.index.template.html'] = '\\","<!doctype html>\\n\\","<html lang=\"en\">\\n\\","<head>\\n\\","<meta charset=\"UTF-8\">\\n\\","<meta name=\"viewport\" content=\"width=device-width, initial-scale=1\">\\n\\","<title>{{env.npm_package_name}} (v{{env.npm_package_version}})</title>\\n\\","<style>\\n\\","/*csslint\\n\\","    box-sizing: false,\\n\\","    universal-selector: false\\n\\","*/\\n\\","* {\\n\\","    box-sizing: border-box;\\n\\","}\\n\\","body {\\n\\","    background: #dde;\\n\\","    font-family: Arial, Helvetica, sans-serif;\\n\\","    margin: 2rem;\\n\\","}\\n\\","body > * {\\n\\","    margin-bottom: 1rem;\\n\\","}\\n\\",".utility2FooterDiv {\\n\\","    margin-top: 20px;\\n\\","    text-align: center;\\n\\","}\\n\\","</style>\\n\\","<style>\\n\\","/*csslint\\n\\","*/\\n\\","textarea {\\n\\","    font-family: monospace;\\n\\","    height: 10rem;\\n\\","    width: 100%;\\n\\","}\\n\\","textarea[readonly] {\\n\\","    background: #ddd;\\n\\","}\\n\\","</style>\\n\\","</head>\\n\\","<body>\\n\\","<!-- utility2-comment\\n\\","<div id=\"ajaxProgressDiv1\" style=\"background: #d00; height: 2px; left: 0; margin: 0; padding: 0; position: fixed; top: 0; transition: background 0.5s, width 1.5s; width: 25%;\"></div>\\n\\","utility2-comment -->\\n\\","<h1>\\n\\","<!-- utility2-comment\\n\\","    <a\\n\\","        {{#if env.npm_package_homepage}}\\n\\","        href=\"{{env.npm_package_homepage}}\"\\n\\","        {{/if env.npm_package_homepage}}\\n\\","        target=\"_blank\"\\n\\","    >\\n\\","utility2-comment -->\\n\\","        {{env.npm_package_name}} (v{{env.npm_package_version}})\\n\\","<!-- utility2-comment\\n\\","    </a>\\n\\","utility2-comment -->\\n\\","</h1>\\n\\","<h3>{{env.npm_package_description}}</h3>\\n\\","<!-- utility2-comment\\n\\","<h4><a download href=\"assets.app.js\">download standalone app</a></h4>\\n\\","<button class=\"onclick onreset\" id=\"testRunButton1\">run internal test</button><br>\\n\\","<div id=\"testReportDiv1\" style=\"display: none;\"></div>\\n\\","utility2-comment -->\\n\\","\\n\\","\\n\\","\\n\\","<label>stderr and stdout</label>\\n\\","<textarea class=\"resettable\" id=\"outputTextareaStdout1\" readonly></textarea>\\n\\","<!-- utility2-comment\\n\\","{{#if isRollup}}\\n\\","<script src=\"assets.app.js\"></script>\\n\\","{{#unless isRollup}}\\n\\","utility2-comment -->\\n\\","<script src=\"assets.utility2.rollup.js\"></script>\\n\\","<script src=\"jsonp.utility2._stateInit?callback=window.utility2._stateInit\"></script>\\n\\","<script src=\"assets.npmtest_node_persist.rollup.js\"></script>\\n\\","<script src=\"assets.example.js\"></script>\\n\\","<script src=\"assets.test.js\"></script>\\n\\","<!-- utility2-comment\\n\\","{{/if isRollup}}\\n\\","utility2-comment -->\\n\\","<div class=\"utility2FooterDiv\">\\n\\","    [ this app was created with\\n\\","    <a href=\"https://github.com/kaizhu256/node-utility2\" target=\"_blank\">utility2</a>\\n\\","    ]\\n\\","</div>\\n\\","</body>\\n\\","</html>\\n\\","';","        /* jslint-ignore-end */","        if (local.templateRender) {","            local.assetsDict['/'] = local.templateRender(","                local.assetsDict['/assets.index.template.html'],","                {","                    env: local.objectSetDefault(local.env, {","                        npm_package_description: 'the greatest app in the world!',","                        npm_package_name: 'my-app',","                        npm_package_nameAlias: 'my_app',","                        npm_package_version: '0.0.1'","                    })","                }","            );","        } else {","            local.assetsDict['/'] = local.assetsDict['/assets.index.template.html']","                .replace((/\\{\\{env\\.(\\w+?)\\}\\}/g), function (match0, match1) {","                    // jslint-hack","                    String(match0);","                    switch (match1) {","                    case 'npm_package_description':","                        return 'the greatest app in the world!';","                    case 'npm_package_name':","                        return 'my-app';","                    case 'npm_package_nameAlias':","                        return 'my_app';","                    case 'npm_package_version':","                        return '0.0.1';","                    }","                });","        }","        // run the cli","        if (local.global.utility2_rollup || module !== require.main) {","            break;","        }","        local.assetsDict['/assets.example.js'] =","            local.assetsDict['/assets.example.js'] ||","            local.fs.readFileSync(__filename, 'utf8');","        // bug-workaround - long $npm_package_buildCustomOrg","        /* jslint-ignore-begin */","        local.assetsDict['/assets.npmtest_node_persist.rollup.js'] =","            local.assetsDict['/assets.npmtest_node_persist.rollup.js'] ||","            local.fs.readFileSync(","                local.npmtest_node_persist.__dirname + '/lib.npmtest_node_persist.js',","                'utf8'","            ).replace((/^#!/), '//');","        /* jslint-ignore-end */","        local.assetsDict['/favicon.ico'] = local.assetsDict['/favicon.ico'] || '';","        // if $npm_config_timeout_exit exists,","        // then exit this process after $npm_config_timeout_exit ms","        if (Number(process.env.npm_config_timeout_exit)) {","            setTimeout(process.exit, Number(process.env.npm_config_timeout_exit));","        }","        // start server","        if (local.global.utility2_serverHttp1) {","            break;","        }","        process.env.PORT = process.env.PORT || '8081';","        console.error('server starting on port ' + process.env.PORT);","        local.http.createServer(function (request, response) {","            request.urlParsed = local.url.parse(request.url);","            if (local.assetsDict[request.urlParsed.pathname] !== undefined) {","                response.end(local.assetsDict[request.urlParsed.pathname]);","                return;","            }","            response.statusCode = 404;","            response.end();","        }).listen(process.env.PORT);","        break;","    }","}());",""],"l":{"26":2,"28":2,"33":2,"35":2,"37":2,"38":2,"39":2,"44":1,"51":2,"55":2,"59":2,"61":2,"69":1,"70":2,"76":2,"79":2,"82":2,"83":2,"85":1,"89":2,"92":1,"93":1,"94":1,"96":1,"97":1,"100":1,"101":1,"103":1,"106":1,"108":2,"114":1,"116":1,"118":1,"123":1,"124":2,"125":2,"126":3,"127":3,"128":3,"129":3,"130":1,"133":3,"134":3,"139":3,"143":1,"144":3,"145":1,"149":1,"150":1,"158":1,"160":1,"161":1,"162":1,"164":1,"166":1,"258":1,"259":1,"271":1,"274":6,"275":6,"277":1,"279":2,"281":1,"283":2,"288":1,"289":1,"291":1,"296":1,"303":1,"306":1,"307":1,"310":1,"311":1,"313":1,"314":1,"315":1,"316":1,"317":1,"318":1,"319":1,"321":1,"322":1,"324":1}},"/home/travis/build/npmtest/node-npmtest-node-persist/node_modules/node-persist/src/node-persist.js":{"path":"/home/travis/build/npmtest/node-npmtest-node-persist/node_modules/node-persist/src/node-persist.js","s":{"1":1,"2":1,"3":1,"4":1,"5":0,"6":1,"7":0,"8":0,"9":0,"10":0,"11":1,"12":0,"13":0,"14":0,"15":0,"16":1,"17":0,"18":0,"19":0,"20":0,"21":0,"22":0},"b":{"1":[0,0],"2":[0,0],"3":[0,0],"4":[0,0,0]},"f":{"1":1,"2":0,"3":0,"4":0,"5":0},"fnMap":{"1":{"name":"(anonymous_1)","line":8,"loc":{"start":{"line":8,"column":1},"end":{"line":8,"column":23}}},"2":{"name":"(anonymous_2)","line":17,"loc":{"start":{"line":17,"column":25},"end":{"line":17,"column":48}}},"3":{"name":"(anonymous_3)","line":25,"loc":{"start":{"line":25,"column":23},"end":{"line":25,"column":56}}},"4":{"name":"(anonymous_4)","line":35,"loc":{"start":{"line":35,"column":27},"end":{"line":35,"column":50}}},"5":{"name":"mixin","line":43,"loc":{"start":{"line":43,"column":4},"end":{"line":43,"column":45}}}},"statementMap":{"1":{"start":{"line":6,"column":0},"end":{"line":6,"column":46}},"2":{"start":{"line":8,"column":0},"end":{"line":54,"column":19}},"3":{"start":{"line":9,"column":4},"end":{"line":9,"column":21}},"4":{"start":{"line":17,"column":4},"end":{"line":19,"column":6}},"5":{"start":{"line":18,"column":8},"end":{"line":18,"column":41}},"6":{"start":{"line":25,"column":4},"end":{"line":30,"column":6}},"7":{"start":{"line":26,"column":8},"end":{"line":26,"column":85}},"8":{"start":{"line":27,"column":8},"end":{"line":27,"column":46}},"9":{"start":{"line":28,"column":8},"end":{"line":28,"column":81}},"10":{"start":{"line":29,"column":8},"end":{"line":29,"column":19}},"11":{"start":{"line":35,"column":4},"end":{"line":40,"column":6}},"12":{"start":{"line":36,"column":8},"end":{"line":36,"column":85}},"13":{"start":{"line":37,"column":8},"end":{"line":37,"column":42}},"14":{"start":{"line":38,"column":8},"end":{"line":38,"column":81}},"15":{"start":{"line":39,"column":8},"end":{"line":39,"column":19}},"16":{"start":{"line":43,"column":4},"end":{"line":52,"column":5}},"17":{"start":{"line":44,"column":8},"end":{"line":44,"column":32}},"18":{"start":{"line":45,"column":8},"end":{"line":45,"column":42}},"19":{"start":{"line":46,"column":8},"end":{"line":46,"column":16}},"20":{"start":{"line":47,"column":8},"end":{"line":51,"column":9}},"21":{"start":{"line":48,"column":12},"end":{"line":50,"column":13}},"22":{"start":{"line":49,"column":16},"end":{"line":49,"column":55}}},"branchMap":{"1":{"line":44,"type":"binary-expr","locations":[{"start":{"line":44,"column":18},"end":{"line":44,"column":25}},{"start":{"line":44,"column":29},"end":{"line":44,"column":31}}]},"2":{"line":45,"type":"binary-expr","locations":[{"start":{"line":45,"column":23},"end":{"line":45,"column":35}},{"start":{"line":45,"column":39},"end":{"line":45,"column":41}}]},"3":{"line":48,"type":"if","locations":[{"start":{"line":48,"column":12},"end":{"line":48,"column":12}},{"start":{"line":48,"column":12},"end":{"line":48,"column":12}}]},"4":{"line":48,"type":"binary-expr","locations":[{"start":{"line":48,"column":16},"end":{"line":48,"column":49}},{"start":{"line":48,"column":53},"end":{"line":48,"column":75}},{"start":{"line":48,"column":79},"end":{"line":48,"column":110}}]}},"code":["/*"," * Simon Last, Sept 2013"," * http://simonlast.org"," */","","var LocalStorage = require('./local-storage');","","(function(nodePersist) {","    var localStorage;","","    /*","     * This function just creates a localStorage instance, incase you don't plan on using the default one","     * i.e.","     * var myStorage = nodePersist.create();","     * myStorage.init(myOptions);  // you still have to call init or initSync();","     */","    nodePersist.create = function (userOptions) {","        return LocalStorage(userOptions);","    };","","    /*","     * This function, (or init) must be called before the library can be used.","     * An options hash can be optionally passed.","     */","    nodePersist.init = function (userOptions, callback) {","        localStorage = nodePersist.defaultInstance = nodePersist.create(userOptions);","        var ret = localStorage.init(callback);","        mixin(nodePersist, localStorage, {skip: ['init', 'initSync', 'create']});","        return ret;","    };","    /*","     * This function, (or initSync) must be called before the library can be used.","     * An options hash can be optionally passed.","     */","    nodePersist.initSync = function (userOptions) {","        localStorage = nodePersist.defaultInstance = nodePersist.create(userOptions);","        var ret = localStorage.initSync();","        mixin(nodePersist, localStorage, {skip: ['init', 'initSync', 'create']});","        return ret;","    };","","    // expose all the API methods on the main module using a default instance","    function mixin (target, source, options) {","        options = options || {};","        options.skip = options.skip || [];","        var key;","        for (key in source) {","            if (typeof source[key] === 'function' && key.indexOf('_') !== 0 && options.skip.indexOf(key) == -1) {","                target[key] = source[key].bind(source);","            }","        }","    }","","}(module.exports));",""],"l":{"6":1,"8":1,"9":1,"17":1,"18":0,"25":1,"26":0,"27":0,"28":0,"29":0,"35":1,"36":0,"37":0,"38":0,"39":0,"43":1,"44":0,"45":0,"46":0,"47":0,"48":0,"49":0}},"/home/travis/build/npmtest/node-npmtest-node-persist/node_modules/node-persist/src/local-storage.js":{"path":"/home/travis/build/npmtest/node-npmtest-node-persist/node_modules/node-persist/src/local-storage.js","s":{"1":1,"2":0,"3":0,"4":0,"5":0,"6":1,"7":0,"8":0,"9":0,"10":0,"11":0,"12":1,"13":0,"14":0,"15":0,"16":0,"17":0,"18":0,"19":0,"20":0,"21":0,"22":0,"23":0,"24":0,"25":0,"26":0,"27":0,"28":0,"29":0,"30":0,"31":0,"32":0,"33":0,"34":0,"35":0,"36":0,"37":0,"38":0,"39":0,"40":0,"41":0,"42":0,"43":0,"44":0,"45":0,"46":0,"47":0,"48":0,"49":0,"50":0,"51":0,"52":0,"53":0,"54":0,"55":0,"56":0,"57":0,"58":0,"59":0,"60":0,"61":0,"62":0,"63":0,"64":0,"65":0,"66":0,"67":0,"68":0,"69":0,"70":0,"71":0,"72":0,"73":0,"74":0,"75":0,"76":0,"77":0,"78":0,"79":0,"80":0,"81":0,"82":0,"83":0,"84":0,"85":0,"86":0,"87":0,"88":0,"89":0,"90":0,"91":0,"92":0,"93":0,"94":0,"95":0,"96":0,"97":0,"98":0,"99":0,"100":0,"101":0,"102":0,"103":0,"104":0,"105":0,"106":0,"107":0,"108":0,"109":0,"110":0,"111":0,"112":0,"113":0,"114":0,"115":0,"116":0,"117":0,"118":0,"119":0,"120":0,"121":0,"122":0,"123":0,"124":0,"125":0,"126":0,"127":0,"128":0,"129":0,"130":0,"131":0,"132":0,"133":0,"134":0,"135":0,"136":0,"137":0,"138":0,"139":0,"140":0,"141":0,"142":0,"143":0,"144":0,"145":0,"146":0,"147":0,"148":0,"149":0,"150":0,"151":0,"152":0,"153":0,"154":0,"155":0,"156":0,"157":0,"158":0,"159":0,"160":0,"161":0,"162":0,"163":0,"164":0,"165":0,"166":0,"167":0,"168":0,"169":0,"170":0,"171":0,"172":0,"173":0,"174":0,"175":0,"176":0,"177":0,"178":0,"179":0,"180":0,"181":0,"182":0,"183":0,"184":0,"185":0,"186":0,"187":0,"188":0,"189":0,"190":0,"191":0,"192":0,"193":0,"194":0,"195":0,"196":0,"197":0,"198":0,"199":0,"200":0,"201":0,"202":0,"203":0,"204":0,"205":0,"206":0,"207":0,"208":0,"209":0,"210":0,"211":0,"212":0,"213":0,"214":0,"215":0,"216":0,"217":0,"218":0,"219":0,"220":0,"221":0,"222":0,"223":0,"224":0,"225":0,"226":0,"227":0,"228":0,"229":0,"230":0,"231":0,"232":0,"233":0,"234":0,"235":0,"236":0,"237":0,"238":0,"239":0,"240":0,"241":0,"242":0,"243":0,"244":0,"245":0,"246":0,"247":0,"248":0,"249":0,"250":0,"251":0,"252":0,"253":0,"254":0,"255":0,"256":0,"257":0,"258":0,"259":0,"260":0,"261":0,"262":0,"263":0,"264":0,"265":0,"266":0,"267":0,"268":0,"269":0,"270":0,"271":0,"272":0,"273":0,"274":0,"275":0,"276":0,"277":0,"278":0,"279":0,"280":0,"281":0,"282":0,"283":0,"284":0,"285":0,"286":0,"287":0,"288":0,"289":0,"290":0,"291":0,"292":0,"293":0,"294":0,"295":0,"296":0,"297":0,"298":0,"299":0,"300":0,"301":0,"302":0,"303":0,"304":0,"305":0,"306":0,"307":0,"308":0,"309":0,"310":0,"311":0,"312":0,"313":0,"314":0,"315":0,"316":0,"317":0,"318":0,"319":0,"320":0,"321":0,"322":0,"323":0,"324":0,"325":0,"326":0,"327":0,"328":0,"329":0,"330":0,"331":0,"332":0,"333":0,"334":0,"335":0,"336":0,"337":0,"338":0,"339":0,"340":0,"341":0,"342":0,"343":0,"344":1},"b":{"1":[0,0],"2":[0,0],"3":[0,0],"4":[0,0],"5":[0,0],"6":[0,0],"7":[0,0],"8":[0,0],"9":[0,0],"10":[0,0],"11":[0,0],"12":[0,0],"13":[0,0],"14":[0,0],"15":[0,0],"16":[0,0],"17":[0,0],"18":[0,0],"19":[0,0],"20":[0,0],"21":[0,0],"22":[0,0],"23":[0,0],"24":[0,0],"25":[0,0],"26":[0,0],"27":[0,0],"28":[0,0],"29":[0,0],"30":[0,0],"31":[0,0],"32":[0,0],"33":[0,0],"34":[0,0],"35":[0,0],"36":[0,0],"37":[0,0],"38":[0,0],"39":[0,0],"40":[0,0],"41":[0,0],"42":[0,0],"43":[0,0],"44":[0,0],"45":[0,0],"46":[0,0],"47":[0,0],"48":[0,0],"49":[0,0],"50":[0,0],"51":[0,0],"52":[0,0,0],"53":[0,0,0],"54":[0,0],"55":[0,0],"56":[0,0,0],"57":[0,0,0],"58":[0,0],"59":[0,0],"60":[0,0],"61":[0,0],"62":[0,0],"63":[0,0],"64":[0,0],"65":[0,0],"66":[0,0],"67":[0,0],"68":[0,0],"69":[0,0],"70":[0,0],"71":[0,0],"72":[0,0],"73":[0,0],"74":[0,0],"75":[0,0],"76":[0,0],"77":[0,0],"78":[0,0],"79":[0,0],"80":[0,0],"81":[0,0],"82":[0,0],"83":[0,0],"84":[0,0,0],"85":[0,0],"86":[0,0],"87":[0,0],"88":[0,0],"89":[0,0,0]},"f":{"1":0,"2":0,"3":0,"4":0,"5":0,"6":0,"7":0,"8":0,"9":0,"10":0,"11":0,"12":0,"13":0,"14":0,"15":0,"16":0,"17":0,"18":0,"19":0,"20":0,"21":0,"22":0,"23":0,"24":0,"25":0,"26":0,"27":0,"28":0,"29":0,"30":0,"31":0,"32":0,"33":0,"34":0,"35":0,"36":0,"37":0,"38":0,"39":0,"40":0,"41":0,"42":0,"43":0,"44":0,"45":0,"46":0,"47":0,"48":0,"49":0,"50":0,"51":0,"52":0,"53":0,"54":0,"55":0,"56":0,"57":0,"58":0,"59":0,"60":0,"61":0,"62":0,"63":0,"64":0,"65":0,"66":0,"67":0,"68":0,"69":0,"70":0,"71":0,"72":0,"73":0,"74":0,"75":0,"76":0,"77":0,"78":0},"fnMap":{"1":{"name":"(anonymous_1)","line":28,"loc":{"start":{"line":28,"column":15},"end":{"line":28,"column":27}}},"2":{"name":"(anonymous_2)","line":32,"loc":{"start":{"line":32,"column":17},"end":{"line":32,"column":30}}},"3":{"name":"(anonymous_3)","line":36,"loc":{"start":{"line":36,"column":11},"end":{"line":36,"column":22}}},"4":{"name":"(anonymous_4)","line":38,"loc":{"start":{"line":38,"column":10},"end":{"line":38,"column":26}}},"5":{"name":"(anonymous_5)","line":42,"loc":{"start":{"line":42,"column":32},"end":{"line":42,"column":51}}},"6":{"name":"(anonymous_6)","line":46,"loc":{"start":{"line":46,"column":19},"end":{"line":46,"column":42}}},"7":{"name":"(anonymous_7)","line":61,"loc":{"start":{"line":61,"column":16},"end":{"line":61,"column":39}}},"8":{"name":"(anonymous_8)","line":89,"loc":{"start":{"line":89,"column":10},"end":{"line":89,"column":43}}},"9":{"name":"(anonymous_9)","line":117,"loc":{"start":{"line":117,"column":12},"end":{"line":117,"column":23}}},"10":{"name":"(anonymous_10)","line":121,"loc":{"start":{"line":121,"column":12},"end":{"line":121,"column":26}}},"11":{"name":"(anonymous_11)","line":129,"loc":{"start":{"line":129,"column":14},"end":{"line":129,"column":37}}},"12":{"name":"(anonymous_12)","line":151,"loc":{"start":{"line":151,"column":10},"end":{"line":151,"column":22}}},"13":{"name":"(anonymous_13)","line":155,"loc":{"start":{"line":155,"column":12},"end":{"line":155,"column":24}}},"14":{"name":"(anonymous_14)","line":159,"loc":{"start":{"line":159,"column":13},"end":{"line":159,"column":32}}},"15":{"name":"(anonymous_15)","line":160,"loc":{"start":{"line":160,"column":35},"end":{"line":160,"column":49}}},"16":{"name":"(anonymous_16)","line":165,"loc":{"start":{"line":165,"column":12},"end":{"line":165,"column":23}}},"17":{"name":"(anonymous_17)","line":166,"loc":{"start":{"line":166,"column":31},"end":{"line":166,"column":43}}},"18":{"name":"(anonymous_18)","line":171,"loc":{"start":{"line":171,"column":24},"end":{"line":171,"column":40}}},"19":{"name":"(anonymous_19)","line":175,"loc":{"start":{"line":175,"column":12},"end":{"line":175,"column":26}}},"20":{"name":"(anonymous_20)","line":178,"loc":{"start":{"line":178,"column":12},"end":{"line":178,"column":26}}},"21":{"name":"(anonymous_21)","line":183,"loc":{"start":{"line":183,"column":28},"end":{"line":183,"column":40}}},"22":{"name":"(anonymous_22)","line":192,"loc":{"start":{"line":192,"column":9},"end":{"line":192,"column":50}}},"23":{"name":"(anonymous_23)","line":196,"loc":{"start":{"line":196,"column":13},"end":{"line":196,"column":54}}},"24":{"name":"(anonymous_24)","line":216,"loc":{"start":{"line":216,"column":24},"end":{"line":216,"column":36}}},"25":{"name":"(anonymous_25)","line":221,"loc":{"start":{"line":221,"column":22},"end":{"line":221,"column":37}}},"26":{"name":"(anonymous_26)","line":234,"loc":{"start":{"line":234,"column":16},"end":{"line":234,"column":33}}},"27":{"name":"(anonymous_27)","line":238,"loc":{"start":{"line":238,"column":16},"end":{"line":238,"column":30}}},"28":{"name":"(anonymous_28)","line":247,"loc":{"start":{"line":247,"column":17},"end":{"line":247,"column":48}}},"29":{"name":"(anonymous_29)","line":255,"loc":{"start":{"line":255,"column":9},"end":{"line":255,"column":34}}},"30":{"name":"(anonymous_30)","line":259,"loc":{"start":{"line":259,"column":13},"end":{"line":259,"column":38}}},"31":{"name":"(anonymous_31)","line":269,"loc":{"start":{"line":269,"column":45},"end":{"line":269,"column":56}}},"32":{"name":"(anonymous_32)","line":280,"loc":{"start":{"line":280,"column":17},"end":{"line":280,"column":32}}},"33":{"name":"(anonymous_33)","line":288,"loc":{"start":{"line":288,"column":9},"end":{"line":288,"column":34}}},"34":{"name":"(anonymous_34)","line":292,"loc":{"start":{"line":292,"column":8},"end":{"line":292,"column":33}}},"35":{"name":"(anonymous_35)","line":296,"loc":{"start":{"line":296,"column":16},"end":{"line":296,"column":41}}},"36":{"name":"(anonymous_36)","line":305,"loc":{"start":{"line":305,"column":12},"end":{"line":305,"column":23}}},"37":{"name":"(anonymous_37)","line":312,"loc":{"start":{"line":312,"column":12},"end":{"line":312,"column":26}}},"38":{"name":"(anonymous_38)","line":320,"loc":{"start":{"line":320,"column":20},"end":{"line":320,"column":35}}},"39":{"name":"(anonymous_39)","line":328,"loc":{"start":{"line":328,"column":24},"end":{"line":328,"column":44}}},"40":{"name":"(anonymous_40)","line":340,"loc":{"start":{"line":340,"column":12},"end":{"line":340,"column":23}}},"41":{"name":"(anonymous_41)","line":344,"loc":{"start":{"line":344,"column":12},"end":{"line":344,"column":26}}},"42":{"name":"(anonymous_42)","line":353,"loc":{"start":{"line":353,"column":11},"end":{"line":353,"column":31}}},"43":{"name":"(anonymous_43)","line":365,"loc":{"start":{"line":365,"column":12},"end":{"line":365,"column":23}}},"44":{"name":"(anonymous_44)","line":371,"loc":{"start":{"line":371,"column":12},"end":{"line":371,"column":26}}},"45":{"name":"(anonymous_45)","line":379,"loc":{"start":{"line":379,"column":15},"end":{"line":379,"column":27}}},"46":{"name":"(anonymous_46)","line":388,"loc":{"start":{"line":388,"column":13},"end":{"line":388,"column":33}}},"47":{"name":"(anonymous_47)","line":402,"loc":{"start":{"line":402,"column":12},"end":{"line":402,"column":29}}},"48":{"name":"(anonymous_48)","line":407,"loc":{"start":{"line":407,"column":12},"end":{"line":407,"column":26}}},"49":{"name":"(anonymous_49)","line":415,"loc":{"start":{"line":415,"column":17},"end":{"line":415,"column":29}}},"50":{"name":"(anonymous_50)","line":427,"loc":{"start":{"line":427,"column":16},"end":{"line":427,"column":41}}},"51":{"name":"(anonymous_51)","line":437,"loc":{"start":{"line":437,"column":69},"end":{"line":437,"column":83}}},"52":{"name":"(anonymous_52)","line":454,"loc":{"start":{"line":454,"column":20},"end":{"line":454,"column":35}}},"53":{"name":"(anonymous_53)","line":470,"loc":{"start":{"line":470,"column":24},"end":{"line":470,"column":49}}},"54":{"name":"(anonymous_54)","line":479,"loc":{"start":{"line":479,"column":24},"end":{"line":479,"column":42}}},"55":{"name":"(anonymous_55)","line":481,"loc":{"start":{"line":481,"column":32},"end":{"line":481,"column":47}}},"56":{"name":"(anonymous_56)","line":501,"loc":{"start":{"line":501,"column":28},"end":{"line":501,"column":42}}},"57":{"name":"(anonymous_57)","line":518,"loc":{"start":{"line":518,"column":15},"end":{"line":518,"column":30}}},"58":{"name":"(anonymous_58)","line":522,"loc":{"start":{"line":522,"column":11},"end":{"line":522,"column":24}}},"59":{"name":"(anonymous_59)","line":531,"loc":{"start":{"line":531,"column":21},"end":{"line":531,"column":40}}},"60":{"name":"(anonymous_60)","line":542,"loc":{"start":{"line":542,"column":23},"end":{"line":542,"column":41}}},"61":{"name":"(anonymous_61)","line":545,"loc":{"start":{"line":545,"column":32},"end":{"line":545,"column":52}}},"62":{"name":"(anonymous_62)","line":559,"loc":{"start":{"line":559,"column":24},"end":{"line":559,"column":35}}},"63":{"name":"(anonymous_63)","line":563,"loc":{"start":{"line":563,"column":24},"end":{"line":563,"column":38}}},"64":{"name":"(anonymous_64)","line":570,"loc":{"start":{"line":570,"column":28},"end":{"line":570,"column":43}}},"65":{"name":"(anonymous_65)","line":587,"loc":{"start":{"line":587,"column":25},"end":{"line":587,"column":36}}},"66":{"name":"(anonymous_66)","line":604,"loc":{"start":{"line":604,"column":15},"end":{"line":604,"column":45}}},"67":{"name":"(anonymous_67)","line":613,"loc":{"start":{"line":613,"column":20},"end":{"line":613,"column":35}}},"68":{"name":"(anonymous_68)","line":618,"loc":{"start":{"line":618,"column":19},"end":{"line":618,"column":36}}},"69":{"name":"(anonymous_69)","line":623,"loc":{"start":{"line":623,"column":44},"end":{"line":623,"column":65}}},"70":{"name":"(anonymous_70)","line":639,"loc":{"start":{"line":639,"column":19},"end":{"line":639,"column":38}}},"71":{"name":"(anonymous_71)","line":654,"loc":{"start":{"line":654,"column":13},"end":{"line":654,"column":28}}},"72":{"name":"(anonymous_72)","line":664,"loc":{"start":{"line":664,"column":15},"end":{"line":664,"column":30}}},"73":{"name":"(anonymous_73)","line":668,"loc":{"start":{"line":668,"column":16},"end":{"line":668,"column":30}}},"74":{"name":"(anonymous_74)","line":676,"loc":{"start":{"line":676,"column":26},"end":{"line":676,"column":53}}},"75":{"name":"(anonymous_75)","line":682,"loc":{"start":{"line":682,"column":25},"end":{"line":682,"column":37}}},"76":{"name":"(anonymous_76)","line":686,"loc":{"start":{"line":686,"column":30},"end":{"line":686,"column":42}}},"77":{"name":"(anonymous_77)","line":692,"loc":{"start":{"line":692,"column":29},"end":{"line":692,"column":41}}},"78":{"name":"(anonymous_78)","line":696,"loc":{"start":{"line":696,"column":9},"end":{"line":696,"column":21}}}},"statementMap":{"1":{"start":{"line":6,"column":0},"end":{"line":44,"column":6}},"2":{"start":{"line":29,"column":8},"end":{"line":29,"column":52}},"3":{"start":{"line":33,"column":8},"end":{"line":33,"column":40}},"4":{"start":{"line":39,"column":8},"end":{"line":39,"column":67}},"5":{"start":{"line":43,"column":8},"end":{"line":43,"column":38}},"6":{"start":{"line":46,"column":0},"end":{"line":57,"column":2}},"7":{"start":{"line":47,"column":4},"end":{"line":49,"column":5}},"8":{"start":{"line":48,"column":8},"end":{"line":48,"column":45}},"9":{"start":{"line":50,"column":4},"end":{"line":50,"column":19}},"10":{"start":{"line":51,"column":4},"end":{"line":51,"column":22}},"11":{"start":{"line":52,"column":4},"end":{"line":52,"column":33}},"12":{"start":{"line":59,"column":0},"end":{"line":701,"column":2}},"13":{"start":{"line":62,"column":8},"end":{"line":62,"column":25}},"14":{"start":{"line":64,"column":8},"end":{"line":77,"column":9}},"15":{"start":{"line":65,"column":12},"end":{"line":65,"column":31}},"16":{"start":{"line":67,"column":12},"end":{"line":73,"column":13}},"17":{"start":{"line":68,"column":16},"end":{"line":72,"column":17}},"18":{"start":{"line":69,"column":20},"end":{"line":69,"column":52}},"19":{"start":{"line":71,"column":20},"end":{"line":71,"column":49}},"20":{"start":{"line":75,"column":12},"end":{"line":75,"column":55}},"21":{"start":{"line":76,"column":12},"end":{"line":76,"column":116}},"22":{"start":{"line":80,"column":8},"end":{"line":84,"column":9}},"23":{"start":{"line":82,"column":12},"end":{"line":82,"column":39}},"24":{"start":{"line":83,"column":12},"end":{"line":83,"column":35}},"25":{"start":{"line":86,"column":8},"end":{"line":86,"column":31}},"26":{"start":{"line":90,"column":8},"end":{"line":93,"column":9}},"27":{"start":{"line":91,"column":12},"end":{"line":91,"column":35}},"28":{"start":{"line":92,"column":12},"end":{"line":92,"column":31}},"29":{"start":{"line":94,"column":8},"end":{"line":96,"column":9}},"30":{"start":{"line":95,"column":12},"end":{"line":95,"column":41}},"31":{"start":{"line":97,"column":8},"end":{"line":97,"column":58}},"32":{"start":{"line":99,"column":8},"end":{"line":99,"column":33}},"33":{"start":{"line":100,"column":8},"end":{"line":100,"column":27}},"34":{"start":{"line":102,"column":8},"end":{"line":102,"column":35}},"35":{"start":{"line":104,"column":8},"end":{"line":104,"column":40}},"36":{"start":{"line":105,"column":8},"end":{"line":105,"column":47}},"37":{"start":{"line":108,"column":8},"end":{"line":110,"column":9}},"38":{"start":{"line":109,"column":12},"end":{"line":109,"column":63}},"39":{"start":{"line":112,"column":8},"end":{"line":114,"column":9}},"40":{"start":{"line":113,"column":12},"end":{"line":113,"column":44}},"41":{"start":{"line":116,"column":8},"end":{"line":124,"column":15}},"42":{"start":{"line":118,"column":16},"end":{"line":118,"column":41}},"43":{"start":{"line":119,"column":16},"end":{"line":119,"column":39}},"44":{"start":{"line":122,"column":16},"end":{"line":122,"column":37}},"45":{"start":{"line":123,"column":16},"end":{"line":123,"column":30}},"46":{"start":{"line":126,"column":8},"end":{"line":126,"column":32}},"47":{"start":{"line":130,"column":8},"end":{"line":132,"column":9}},"48":{"start":{"line":131,"column":12},"end":{"line":131,"column":41}},"49":{"start":{"line":134,"column":8},"end":{"line":134,"column":35}},"50":{"start":{"line":136,"column":8},"end":{"line":139,"column":9}},"51":{"start":{"line":137,"column":12},"end":{"line":137,"column":33}},"52":{"start":{"line":138,"column":12},"end":{"line":138,"column":46}},"53":{"start":{"line":141,"column":8},"end":{"line":141,"column":35}},"54":{"start":{"line":142,"column":8},"end":{"line":144,"column":9}},"55":{"start":{"line":143,"column":12},"end":{"line":143,"column":44}},"56":{"start":{"line":146,"column":8},"end":{"line":148,"column":9}},"57":{"start":{"line":147,"column":12},"end":{"line":147,"column":95}},"58":{"start":{"line":152,"column":8},"end":{"line":152,"column":38}},"59":{"start":{"line":156,"column":8},"end":{"line":156,"column":34}},"60":{"start":{"line":160,"column":8},"end":{"line":162,"column":22}},"61":{"start":{"line":161,"column":12},"end":{"line":161,"column":48}},"62":{"start":{"line":166,"column":8},"end":{"line":168,"column":22}},"63":{"start":{"line":167,"column":12},"end":{"line":167,"column":38}},"64":{"start":{"line":172,"column":8},"end":{"line":172,"column":30}},"65":{"start":{"line":174,"column":8},"end":{"line":180,"column":14}},"66":{"start":{"line":176,"column":16},"end":{"line":176,"column":39}},"67":{"start":{"line":179,"column":16},"end":{"line":179,"column":49}},"68":{"start":{"line":182,"column":8},"end":{"line":182,"column":24}},"69":{"start":{"line":183,"column":8},"end":{"line":187,"column":22}},"70":{"start":{"line":184,"column":12},"end":{"line":186,"column":13}},"71":{"start":{"line":185,"column":16},"end":{"line":185,"column":48}},"72":{"start":{"line":189,"column":8},"end":{"line":189,"column":22}},"73":{"start":{"line":193,"column":8},"end":{"line":193,"column":59}},"74":{"start":{"line":197,"column":8},"end":{"line":200,"column":9}},"75":{"start":{"line":198,"column":12},"end":{"line":198,"column":31}},"76":{"start":{"line":199,"column":12},"end":{"line":199,"column":27}},"77":{"start":{"line":201,"column":8},"end":{"line":201,"column":32}},"78":{"start":{"line":202,"column":8},"end":{"line":202,"column":58}},"79":{"start":{"line":204,"column":8},"end":{"line":204,"column":72}},"80":{"start":{"line":206,"column":8},"end":{"line":206,"column":33}},"81":{"start":{"line":207,"column":8},"end":{"line":207,"column":27}},"82":{"start":{"line":210,"column":8},"end":{"line":210,"column":44}},"83":{"start":{"line":211,"column":8},"end":{"line":211,"column":50}},"84":{"start":{"line":213,"column":8},"end":{"line":213,"column":43}},"85":{"start":{"line":214,"column":8},"end":{"line":214,"column":158}},"86":{"start":{"line":216,"column":8},"end":{"line":219,"column":10}},"87":{"start":{"line":217,"column":12},"end":{"line":217,"column":35}},"88":{"start":{"line":218,"column":12},"end":{"line":218,"column":37}},"89":{"start":{"line":221,"column":8},"end":{"line":224,"column":10}},"90":{"start":{"line":222,"column":12},"end":{"line":222,"column":26}},"91":{"start":{"line":223,"column":12},"end":{"line":223,"column":33}},"92":{"start":{"line":226,"column":8},"end":{"line":226,"column":25}},"93":{"start":{"line":228,"column":8},"end":{"line":242,"column":9}},"94":{"start":{"line":229,"column":12},"end":{"line":229,"column":73}},"95":{"start":{"line":231,"column":12},"end":{"line":231,"column":49}},"96":{"start":{"line":233,"column":12},"end":{"line":241,"column":19}},"97":{"start":{"line":235,"column":20},"end":{"line":235,"column":45}},"98":{"start":{"line":236,"column":20},"end":{"line":236,"column":43}},"99":{"start":{"line":239,"column":20},"end":{"line":239,"column":41}},"100":{"start":{"line":240,"column":20},"end":{"line":240,"column":34}},"101":{"start":{"line":244,"column":8},"end":{"line":244,"column":32}},"102":{"start":{"line":248,"column":8},"end":{"line":248,"column":32}},"103":{"start":{"line":249,"column":8},"end":{"line":249,"column":44}},"104":{"start":{"line":250,"column":8},"end":{"line":250,"column":60}},"105":{"start":{"line":251,"column":8},"end":{"line":251,"column":33}},"106":{"start":{"line":252,"column":8},"end":{"line":252,"column":69}},"107":{"start":{"line":256,"column":8},"end":{"line":256,"column":43}},"108":{"start":{"line":260,"column":8},"end":{"line":260,"column":58}},"109":{"start":{"line":261,"column":8},"end":{"line":261,"column":33}},"110":{"start":{"line":263,"column":8},"end":{"line":276,"column":9}},"111":{"start":{"line":264,"column":12},"end":{"line":264,"column":43}},"112":{"start":{"line":265,"column":12},"end":{"line":268,"column":13}},"113":{"start":{"line":266,"column":16},"end":{"line":266,"column":37}},"114":{"start":{"line":267,"column":16},"end":{"line":267,"column":46}},"115":{"start":{"line":269,"column":12},"end":{"line":272,"column":25}},"116":{"start":{"line":270,"column":16},"end":{"line":270,"column":37}},"117":{"start":{"line":271,"column":16},"end":{"line":271,"column":28}},"118":{"start":{"line":274,"column":12},"end":{"line":274,"column":67}},"119":{"start":{"line":275,"column":12},"end":{"line":275,"column":69}},"120":{"start":{"line":277,"column":8},"end":{"line":277,"column":32}},"121":{"start":{"line":281,"column":8},"end":{"line":285,"column":9}},"122":{"start":{"line":282,"column":12},"end":{"line":282,"column":37}},"123":{"start":{"line":284,"column":12},"end":{"line":284,"column":58}},"124":{"start":{"line":289,"column":8},"end":{"line":289,"column":46}},"125":{"start":{"line":293,"column":8},"end":{"line":293,"column":46}},"126":{"start":{"line":297,"column":8},"end":{"line":297,"column":58}},"127":{"start":{"line":299,"column":8},"end":{"line":299,"column":33}},"128":{"start":{"line":300,"column":8},"end":{"line":300,"column":27}},"129":{"start":{"line":302,"column":8},"end":{"line":302,"column":53}},"130":{"start":{"line":304,"column":8},"end":{"line":316,"column":10}},"131":{"start":{"line":306,"column":16},"end":{"line":306,"column":67}},"132":{"start":{"line":307,"column":16},"end":{"line":307,"column":38}},"133":{"start":{"line":308,"column":16},"end":{"line":308,"column":44}},"134":{"start":{"line":309,"column":16},"end":{"line":309,"column":38}},"135":{"start":{"line":310,"column":16},"end":{"line":310,"column":40}},"136":{"start":{"line":313,"column":16},"end":{"line":313,"column":30}},"137":{"start":{"line":314,"column":16},"end":{"line":314,"column":37}},"138":{"start":{"line":317,"column":8},"end":{"line":317,"column":32}},"139":{"start":{"line":321,"column":8},"end":{"line":321,"column":59}},"140":{"start":{"line":322,"column":8},"end":{"line":322,"column":41}},"141":{"start":{"line":323,"column":8},"end":{"line":323,"column":30}},"142":{"start":{"line":324,"column":8},"end":{"line":324,"column":36}},"143":{"start":{"line":325,"column":8},"end":{"line":325,"column":21}},"144":{"start":{"line":329,"column":8},"end":{"line":329,"column":58}},"145":{"start":{"line":330,"column":8},"end":{"line":330,"column":33}},"146":{"start":{"line":331,"column":8},"end":{"line":331,"column":27}},"147":{"start":{"line":333,"column":8},"end":{"line":333,"column":31}},"148":{"start":{"line":334,"column":8},"end":{"line":338,"column":9}},"149":{"start":{"line":335,"column":12},"end":{"line":337,"column":13}},"150":{"start":{"line":336,"column":16},"end":{"line":336,"column":57}},"151":{"start":{"line":339,"column":8},"end":{"line":347,"column":15}},"152":{"start":{"line":341,"column":16},"end":{"line":341,"column":35}},"153":{"start":{"line":342,"column":16},"end":{"line":342,"column":27}},"154":{"start":{"line":345,"column":16},"end":{"line":345,"column":37}},"155":{"start":{"line":346,"column":16},"end":{"line":346,"column":30}},"156":{"start":{"line":349,"column":8},"end":{"line":349,"column":32}},"157":{"start":{"line":354,"column":8},"end":{"line":354,"column":58}},"158":{"start":{"line":356,"column":8},"end":{"line":356,"column":33}},"159":{"start":{"line":357,"column":8},"end":{"line":357,"column":27}},"160":{"start":{"line":359,"column":8},"end":{"line"
[...]
    return this.setItem(key, value, options, callback);","    },","","    setItem: function (key, value, options, callback) {","        if (typeof options == 'function') {","            callback = options;","            options = null;","        }","        options = options || {};","        callback = isFunction(callback) ? callback : noop;","","        var logmsg = \"set (\" + key + \": \" + this.stringify(value) + \")\";","","        var deferred = Q.defer();","        var deferreds = [];","","        // ttl is different that the other options because we can pass a different for each setItem, as well as have a default one.","        var ttl = this.calcTTL(options.ttl);","        this.data[key] = {value: value, ttl: ttl};","","        var instanceOptions = this.options;","        var result = {key: key, value: value, ttl: ttl, queued: !!instanceOptions.interval, manual: !instanceOptions.interval && !instanceOptions.continuous};","","        var onSuccess = function () {","            callback(null, result);","            deferred.resolve(result);","        };","","        var onError = function (err) {","            callback(err);","            deferred.reject(err);","        };","","        this.log(logmsg);","","        if (instanceOptions.interval || !instanceOptions.continuous) {","            this.changes[key] = {onSuccess: onSuccess, onError: onError};","        } else {","            deferreds.push(this.persistKey(key));","","            Q.all(deferreds).then(","                function(result) {","                    deferred.resolve(result);","                    callback(null, result);","                }.bind(this),","                function(err) {","                    deferred.reject(err);","                    callback(err);","                });","        }","","        return deferred.promise;","    },","","    setItemSync: function (key, value, options) {","        options = options || {};","        var ttl = this.calcTTL(options.ttl);","        this.data[key] = {key: key, value: value, ttl: ttl};","        this.persistKeySync(key);","        this.log(\"set (\" + key + \": \" + this.stringify(value) + \")\");","    },","","    get: function (key, callback) {","        return this.getItem(key, callback);","    },","","    getItem: function (key, callback) {","        callback = isFunction(callback) ? callback : noop;","        var deferred = Q.defer();","","        if (this.isExpired(key)) {","            this.log(key + ' has expired');","            if (this.options.interval || !this.options.continuous) {","                callback(null, null);","                return deferred.resolve(null);","            }","            return this.removeItem(key).then(function() {","                callback(null, null);","                return null;","            }, callback);","        } else {","            callback(null, this.data[key] && this.data[key].value);","            deferred.resolve(this.data[key] && this.data[key].value);","        }","        return deferred.promise;","    },","","    getItemSync: function (key) {","        if (this.isExpired(key)) {","            this.removeItemSync(key);","        } else {","            return this.data[key] && this.data[key].value;","        }","    },","","    del: function (key, callback) {","        return this.removeItem(key, callback);","    },","","    rm: function (key, callback) {","        return this.removeItem(key, callback);","    },","","    removeItem: function (key, callback) {","        callback = isFunction(callback) ? callback : noop;","","        var deferred = Q.defer();","        var deferreds = [];","","        deferreds.push(this.removePersistedKey(key));","","        Q.all(deferreds).then(","            function() {","                var value = this.data[key] && this.data[key].value;","                delete this.data[key];","                this.log('removed: ' + key);","                callback(null, value);","                deferred.resolve(value);","            }.bind(this),","            function(err) {","                callback(err);","                deferred.reject(err);","            }","        );","        return deferred.promise;","    },","","    removeItemSync: function (key) {","        var value = this.data[key] && this.data[key].value;","        this.removePersistedKeySync(key);","        delete this.data[key];","        this.log('removed: ' + key);","        return value;","    },","","    removeExpiredItems: function (callback) {","        callback = isFunction(callback) ? callback : noop;","        var deferred = Q.defer();","        var deferreds = [];","","        var keys = this.keys();","        for (var i = 0; i < keys.length; i++) {","            if (this.isExpired(keys[i])) {","                deferreds.push(this.removeItem(keys[i]));","            }","        }","        Q.all(deferreds).then(","            function() {","                deferred.resolve();","                callback();","            },","            function(err) {","                deferred.reject(err);","                callback(err);","            });","","        return deferred.promise;","","    },","","    clear: function (callback) {","        callback = isFunction(callback) ? callback : noop;","","        var deferred = Q.defer();","        var deferreds = [];","","        var keys = this.keys();","        for (var i = 0; i < keys.length; i++) {","            deferreds.push(this.removePersistedKey(keys[i]));","        }","","        Q.all(deferreds).then(","            function() {","                this.data = {};","                this.changes = {};","                deferred.resolve();","                callback();","            }.bind(this),","            function(err) {","                deferred.reject(err);","                callback(err);","            });","","        return deferred.promise;","    },","","    clearSync: function () {","        var keys = this.keys(true);","        for (var i = 0; i < keys.length; i++) {","            this.removePersistedKeySync(keys[i]);","        }","        this.data = {};","        this.changes = {};","    },","","    persist: function (callback) {","        callback = isFunction(callback) ? callback : noop;","","        var deferred = Q.defer();","        var result;","        var deferreds = [];","","        for (var key in this.data) {","            if (this.changes[key]) {","                deferreds.push(this.persistKey(key));","            }","        }","","        Q.all(deferreds).then(","            function(result) {","                deferred.resolve(result);","                callback(null, result);","                this.log('persist done');","            }.bind(this),","            function(err) {","                deferred.reject(result);","                callback(err);","            });","","        return deferred.promise;","    },","","    persistSync: function () {","        for (var key in this.data) {","            if (this.changes[key]) {","                this.persistKeySync(key);","            }","        }","        this.log('persistSync done');","    },","","    /*","     * This function triggers a key within the database to persist asynchronously.","     */","    persistKey: function (key, callback) {","        callback = isFunction(callback) ? callback : noop;","","        var self = this;","        var options = this.options;","        var file = path.join(options.dir, md5(key));","","        var deferred = Q.defer();","        var output = {key: key, value: this.data[key] && this.data[key].value, ttl: this.data[key] && this.data[key].ttl};","","        fs.writeFile(file, this.stringify(output), options.encoding, function(err) {","            if (err) {","                self.changes[key] && self.changes[key].onError && self.changes[key].onError(err);","                deferred.reject(err);","                return callback(err);","            }","","            self.changes[key] && self.changes[key].onSuccess && self.changes[key].onSuccess();","            delete self.changes[key];","            deferred.resolve(output);","            callback(null, output);","            self.log(\"wrote: \" + key);","        });","","        return deferred.promise;","    },","","    persistKeySync: function (key) {","        var options = this.options;","        var file = path.join(options.dir, md5(key));","","        var output = {key: key, value: this.data[key] && this.data[key].value, ttl: this.data[key] && this.data[key].ttl};","        try {","            fs.writeFileSync(file, this.stringify(output));","            this.changes[key] && this.changes[key].onSuccess && this.changes[key].onSuccess();","        } catch (err) {","            this.changes[key] && this.changes[key].onError && this.changes[key].onError(err);","            throw err;","        }","        delete this.changes[key];","        this.log(\"wrote: \" + key);","    },","","    removePersistedKey: function (key, callback) {","        callback = isFunction(callback) ? callback : noop;","","        var options = this.options;","        var deferred = Q.defer();","        var result;","","        //check to see if key has been persisted","        var file = path.join(options.dir, md5(key));","        fs.exists(file, function (exists) {","            if (exists) {","                fs.unlink(file, function (err) {","                    result = {key: key, removed: !err, existed: exists};","                    if (err && err.code != 'ENOENT') { /* Only throw the error if the error is something else */","                        deferred.reject(err);","                        return callback(err);","                    }","                    err && this.log('Failed to remove file:' + file + ' because it doesn\\'t exist anymore.');","                    deferred.resolve(result);","                    callback(null, result);","                }.bind(this));","            } else {","                result = {key: key, removed: false, existed: exists};","                deferred.resolve(result);","                callback(null, result);","            }","        }.bind(this));","","        return deferred.promise;","    },","","    removePersistedKeySync: function(key) {","        var options = this.options;","        var file = path.join(options.dir, md5(key));","        if (fs.existsSync(file)) {","            try {","                fs.unlinkSync(file);","            } catch (err) {","                if (err.code != 'ENOENT') { /* Only throw the error if the error is something else */","                    throw err;","                }","                this.log('Failed to remove file:' + file + ' because it doesn\\'t exist anymore.');","            }","            return {key: key, removed: true, existed: true};","        }","        return {key: key, removed: false, existed: false};","    },","    ","    stringify: function (obj) {","        return this.options.stringify(obj);    ","    },","","    parse: function(str){","        try {","            return this.options.parse(str);","        } catch(e) {","            this.log(\"parse error: \", this.stringify(e));","            return undefined;","        }","    },","","    parseStorageDir: function(callback) {","        callback = isFunction(callback) ? callback : noop;","","        var deferred = Q.defer();","        var deferreds = [];","","        var dir = this.options.dir;","        var self = this;","        var result = {dir: dir};","","        //check to see if dir is present","        fs.exists(dir, function (exists) {","            if (exists) {","                //load data","                fs.readdir(dir, function (err, arr) {","                    if (err) {","                        deferred.reject(err);","                        callback(err);","                    }","","                    for (var i in arr) {","                        var currentFile = arr[i];","                        if (currentFile[0] !== '.') {","                            deferreds.push(self.parseFile(currentFile));","                        }","                    }","","                    Q.all(deferreds).then(","                        function() {","                            deferred.resolve(result);","                            callback(null, result);","                        },","                        function(err) {","                            deferred.reject(err);","                            callback(err);","                        });","                });","            } else {","                //create the directory","                mkdirp(dir, function (err) {","                    if (err) {","                        console.error(err);","                        deferred.reject(err);","                        callback(err);","                    } else {","                        self.log('created ' + dir);","                        deferred.resolve(result);","                        callback(null, result);","                    }","                });","            }","        });","","        return deferred.promise;","    },","","    parseStorageDirSync: function() {","        var dir = this.options.dir;","        var exists = fs.existsSync(dir);","","        if (exists) { //load data","            var arr = fs.readdirSync(dir);","            for (var i = 0; i < arr.length; i++) {","                var currentFile = arr[i];","                if (arr[i] && currentFile[0] !== '.') {","                    this.parseFileSync(currentFile);","                }","            }","        } else { //create the directory","            mkdirp.sync(dir);","        }","    },","","    parseFile: function (filename, callback) {","        callback = isFunction(callback) ? callback : noop;","","        var deferred = Q.defer();","        var self = this;","        var options = this.options;","        var dir = this.options.dir;","        var file = path.join(dir, filename);","","        var error = function (err) {","            deferred.reject(err);","            return callback(err);","        };","","        var done = function (input) {","            deferred.resolve(input);","            callback(null, input);","        };","","        fs.readFile(file, options.encoding, function (err, text) {","            if (err) {","                return error(err);","            }","            var input = self.parse(text);","            if (!isValidStorageFileContent(input)) {","                return options.forgiveParseErrors ? done() : error(new Error('[PARSE-ERROR] ' + file + ' does not look like a valid storage file!'));","            }","            self.data[input.key] = input;","            self.log(\"loaded: \" + dir + \"/\" + input.key);","            done(input);","        });","","        return deferred.promise;","    },","","    parseFileSync: function(filename) {","        var dir = this.options.dir;","        var file = path.join(dir, filename);","        var input = this.parse(fs.readFileSync(file, this.options.encoding));","        if (!isValidStorageFileContent(input)) {","            if (this.options.forgiveParseErrors) {","                return;","            }","            throw Error('[PARSE-ERROR] ' + file + ' does not look like a valid storage file!');","        }","        this.data[input.key] = input;","        this.log(\"loaded: \" + dir + \"/\" + input.key);","        return this.data[input.key];","    },","","    calcTTL: function (ttl) {","        // only check for undefined, if null was passed in setItem then we probably didn't want to use the this.options.ttl","        if (typeof ttl == 'undefined') {","            ttl = this.options.ttl;","        } else {","            ttl = ttl ? isNumber(ttl) && ttl > 0 ? ttl : defaultTTL : false;","        }","        return ttl ? new Date().getTime() + ttl : undefined;","    },","","    isExpired: function (key) {","        return this.data[key] && this.data[key].ttl && this.data[key].ttl < (new Date()).getTime();","    },","","    resolveDir: function(dir) {","        dir = path.normalize(dir);","        if (path.isAbsolute(dir)) {","            return dir;","        }","        return path.join(process.cwd(), dir);","    },","","    startPersistInterval: function (persistFunction) {","        this.stopPersistInterval();","        this._persistInterval = setInterval(persistFunction || this.persist.bind(this), this.options.interval);","        this._persistInterval.unref && this._persistInterval.unref();","    },","","    stopPersistInterval: function () {","        clearInterval(this._persistInterval);","    },","","    startExpiredKeysInterval: function () {","        this.stopExpiredKeysInterval();","        this._expiredKeysInterval = setInterval(this.removeExpiredItems.bind(this), this.options.expiredInterval);","        this._expiredKeysInterval.unref && this._expiredKeysInterval.unref();","    },","","    stopExpiredKeysInterval: function () {","        clearInterval(this._expiredKeysInterval);","    },","","    log: function () {","        this.options && this.options.logging && console.log.apply(console, arguments);","    },","","    md5: md5","};","","module.exports = LocalStorage;",""],"l":{"6":1,"29":0,"33":0,"39":0,"43":0,"46":1,"47":0,"48":0,"50":0,"51":0,"52":0,"59":1,"62":0,"64":0,"65":0,"67":0,"68":0,"69":0,"71":0,"75":0,"76":0,"80":0,"82":0,"83":0,"86":0,"90":0,"91":0,"92":0,"94":0,"95":0,"97":0,"99":0,"100":0,"102":0,"104":0,"105":0,"108":0,"109":0,"112":0,"113":0,"116":0,"118":0,"119":0,"122":0,"123":0,"126":0,"130":0,"131":0,"134":0,"136":0,"137":0,"138":0,"141":0,"142":0,"143":0,"146":0,"147":0,"152":0,"156":0,"160":0,"161":0,"166":0,"167":0,"172":0,"174":0,"176":0,"179":0,"182":0,"183":0,"184":0,"185":0,"189":0,"193":0,"197":0,"198":0,"199":0,"201":0,"202":0,"204":0,"206":0,"207":0,"210":0,"211":0,"213":0,"214":0,"216":0,"217":0,"218":0,"221":0,"222":0,"223":0,"226":0,"228":0,"229":0,"231":0,"233":0,"235":0,"236":0,"239":0,"240":0,"244":0,"248":0,"249":0,"250":0,"251":0,"252":0,"256":0,"260":0,"261":0,"263":0,"264":0,"265":0,"266":0,"267":0,"269":0,"270":0,"271":0,"274":0,"275":0,"277":0,"281":0,"282":0,"284":0,"289":0,"293":0,"297":0,"299":0,"300":0,"302":0,"304":0,"306":0,"307":0,"308":0,"309":0,"310":0,"313":0,"314":0,"317":0,"321":0,"322":0,"323":0,"324":0,"325":0,"329":0,"330":0,"331":0,"333":0,"334":0,"335":0,"336":0,"339":0,"341":0,"342":0,"345":0,"346":0,"349":0,"354":0,"356":0,"357":0,"359":0,"360":0,"361":0,"364":0,"366":0,"367":0,"368":0,"369":0,"372":0,"373":0,"376":0,"380":0,"381":0,"382":0,"384":0,"385":0,"389":0,"391":0,"392":0,"393":0,"395":0,"396":0,"397":0,"401":0,"403":0,"404":0,"405":0,"408":0,"409":0,"412":0,"416":0,"417":0,"418":0,"421":0,"428":0,"430":0,"431":0,"432":0,"434":0,"435":0,"437":0,"438":0,"439":0,"440":0,"441":0,"444":0,"445":0,"446":0,"447":0,"448":0,"451":0,"455":0,"456":0,"458":0,"459":0,"460":0,"461":0,"463":0,"464":0,"466":0,"467":0,"471":0,"473":0,"474":0,"475":0,"478":0,"479":0,"480":0,"481":0,"482":0,"483":0,"484":0,"485":0,"487":0,"488":0,"489":0,"492":0,"493":0,"494":0,"498":0,"502":0,"503":0,"504":0,"505":0,"506":0,"508":0,"509":0,"511":0,"513":0,"515":0,"519":0,"523":0,"524":0,"526":0,"527":0,"532":0,"534":0,"535":0,"537":0,"538":0,"539":0,"542":0,"543":0,"545":0,"546":0,"547":0,"548":0,"551":0,"552":0,"553":0,"554":0,"558":0,"560":0,"561":0,"564":0,"565":0,"570":0,"571":0,"572":0,"573":0,"574":0,"576":0,"577":0,"578":0,"584":0,"588":0,"589":0,"591":0,"592":0,"593":0,"594":0,"595":0,"596":0,"600":0,"605":0,"607":0,"608":0,"609":0,"610":0,"611":0,"613":0,"614":0,"615":0,"618":0,"619":0,"620":0,"623":0,"624":0,"625":0,"627":0,"628":0,"629":0,"631":0,"632":0,"633":0,"636":0,"640":0,"641":0,"642":0,"643":0,"644":0,"645":0,"647":0,"649":0,"650":0,"651":0,"656":0,"657":0,"659":0,"661":0,"665":0,"669":0,"670":0,"671":0,"673":0,"677":0,"678":0,"679":0,"683":0,"687":0,"688":0,"689":0,"693":0,"697":0,"703":1}}}